2026-04-19T19:29:58.655+09:00  INFO 45172 --- [fc2-live-automation] [main] c.e.f.Fc2LiveAutomationApplication       : Starting Fc2LiveAutomationApplication using Java 25.0.2 with PID 45172 (C:\Users\aikus\OneDrive\デスクトップ\作業\fc2-live-automation\target\classes started by aikus in C:\Users\aikus\OneDrive\デスクトップ\作業\fc2-live-automation)
2026-04-19T19:29:58.675+09:00  INFO 45172 --- [fc2-live-automation] [main] c.e.f.Fc2LiveAutomationApplication       : No active profile set, falling back to 1 default profile: "default"
2026-04-19T19:30:02.396+09:00  INFO 45172 --- [fc2-live-automation] [main] .s.d.r.c.RepositoryConfigurationDelegate : Bootstrapping Spring Data JPA repositories in DEFAULT mode.
2026-04-19T19:30:02.533+09:00  INFO 45172 --- [fc2-live-automation] [main] .s.d.r.c.RepositoryConfigurationDelegate : Finished Spring Data repository scanning in 112 ms. Found 2 JPA repository interfaces.
2026-04-19T19:30:04.262+09:00  INFO 45172 --- [fc2-live-automation] [main] o.s.b.w.embedded.tomcat.TomcatWebServer  : Tomcat initialized with port 8082 (http)
2026-04-19T19:30:04.297+09:00  INFO 45172 --- [fc2-live-automation] [main] o.apache.catalina.core.StandardService   : Starting service [Tomcat]
2026-04-19T19:30:04.300+09:00  INFO 45172 --- [fc2-live-automation] [main] o.apache.catalina.core.StandardEngine    : Starting Servlet engine: [Apache Tomcat/10.1.52]
2026-04-19T19:30:04.495+09:00  INFO 45172 --- [fc2-live-automation] [main] o.a.c.c.C.[Tomcat].[localhost].[/]       : Initializing Spring embedded WebApplicationContext
2026-04-19T19:30:04.497+09:00  INFO 45172 --- [fc2-live-automation] [main] w.s.c.ServletWebServerApplicationContext : Root WebApplicationContext: initialization completed in 5546 ms
2026-04-19T19:30:06.002+09:00  INFO 45172 --- [fc2-live-automation] [main] o.hibernate.jpa.internal.util.LogHelper  : HHH000204: Processing PersistenceUnitInfo [name: default]
2026-04-19T19:30:06.195+09:00  INFO 45172 --- [fc2-live-automation] [main] org.hibernate.Version                    : HHH000412: Hibernate ORM core version 6.6.44.Final
2026-04-19T19:30:06.279+09:00  INFO 45172 --- [fc2-live-automation] [main] o.h.c.internal.RegionFactoryInitiator    : HHH000026: Second-level cache disabled
2026-04-19T19:30:06.942+09:00  INFO 45172 --- [fc2-live-automation] [main] o.s.o.j.p.SpringPersistenceUnitInfo      : No LoadTimeWeaver setup: ignoring JPA class transformer
2026-04-19T19:30:07.043+09:00  INFO 45172 --- [fc2-live-automation] [main] com.zaxxer.hikari.HikariDataSource       : HikariPool-1 - Starting...
2026-04-19T19:30:07.791+09:00  INFO 45172 --- [fc2-live-automation] [main] com.zaxxer.hikari.pool.HikariPool        : HikariPool-1 - Added connection conn0: url=jdbc:h2:file:./data/fc2_automation_v2 user=SA
2026-04-19T19:30:07.796+09:00  INFO 45172 --- [fc2-live-automation] [main] com.zaxxer.hikari.HikariDataSource       : HikariPool-1 - Start completed.
2026-04-19T19:30:07.858+09:00  WARN 45172 --- [fc2-live-automation] [main] org.hibernate.orm.deprecation            : HHH90000025: H2Dialect does not need to be specified explicitly using 'hibernate.dialect' (remove the property setting and it will be selected by default)
2026-04-19T19:30:07.893+09:00  INFO 45172 --- [fc2-live-automation] [main] org.hibernate.orm.connections.pooling    : HHH10001005: Database info:
	Database JDBC URL [Connecting through datasource 'HikariDataSource (HikariPool-1)']
	Database driver: undefined/unknown
	Database version: 2.3.232
	Autocommit mode: undefined/unknown
	Isolation level: undefined/unknown
	Minimum pool size: undefined/unknown
	Maximum pool size: undefined/unknown
2026-04-19T19:30:09.414+09:00  INFO 45172 --- [fc2-live-automation] [main] o.h.e.t.j.p.i.JtaPlatformInitiator       : HHH000489: No JTA platform available (set 'hibernate.transaction.jta.platform' to enable JTA platform integration)
2026-04-19T19:30:09.545+09:00  INFO 45172 --- [fc2-live-automation] [main] j.LocalContainerEntityManagerFactoryBean : Initialized JPA EntityManagerFactory for persistence unit 'default'
2026-04-19T19:30:11.097+09:00  INFO 45172 --- [fc2-live-automation] [main] c.e.f.service.AutomationScheduler        : 🧹 起動時クリーンアップ: データベース上の「配信中(RUNNING)」ステータスをリセットします
2026-04-19T19:30:11.394+09:00  INFO 45172 --- [fc2-live-automation] [main] c.e.f.service.AutomationScheduler        : ✅ クリーンアップ完了: プリセット 0 件、アカウント 0 件を停止状態に戻しました
2026-04-19T19:30:11.464+09:00  WARN 45172 --- [fc2-live-automation] [main] JpaBaseConfiguration$JpaWebConfiguration : spring.jpa.open-in-view is enabled by default. Therefore, database queries may be performed during view rendering. Explicitly configure spring.jpa.open-in-view to disable this warning
2026-04-19T19:30:11.507+09:00  INFO 45172 --- [fc2-live-automation] [main] o.s.b.a.w.s.WelcomePageHandlerMapping    : Adding welcome page template: index
2026-04-19T19:30:12.997+09:00  INFO 45172 --- [fc2-live-automation] [main] o.s.b.a.e.web.EndpointLinksResolver      : Exposing 1 endpoint beneath base path '/actuator'
2026-04-19T19:30:13.183+09:00  WARN 45172 --- [fc2-live-automation] [main] ConfigServletWebServerApplicationContext : Exception encountered during context initialization - cancelling refresh attempt: org.springframework.context.ApplicationContextException: Failed to start bean 'webServerStartStop'
2026-04-19T19:30:13.196+09:00  INFO 45172 --- [fc2-live-automation] [main] j.LocalContainerEntityManagerFactoryBean : Closing JPA EntityManagerFactory for persistence unit 'default'
2026-04-19T19:30:13.201+09:00  INFO 45172 --- [fc2-live-automation] [main] com.zaxxer.hikari.HikariDataSource       : HikariPool-1 - Shutdown initiated...
2026-04-19T19:30:13.223+09:00  INFO 45172 --- [fc2-live-automation] [main] com.zaxxer.hikari.HikariDataSource       : HikariPool-1 - Shutdown completed.
2026-04-19T19:30:13.279+09:00  INFO 45172 --- [fc2-live-automation] [main] .s.b.a.l.ConditionEvaluationReportLogger : 

Error starting ApplicationContext. To display the condition evaluation report re-run your application with 'debug' enabled.
2026-04-19T19:30:13.318+09:00 ERROR 45172 --- [fc2-live-automation] [main] o.s.b.d.LoggingFailureAnalysisReporter   : 

***************************
APPLICATION FAILED TO START
***************************

Description:

Web server failed to start. Port 8082 was already in use.

Action:

Identify and stop the process that's listening on port 8082 or configure this application to listen on another port.

2026-04-19T19:32:47.836+09:00  INFO 536 --- [fc2-live-automation] [main] c.e.f.Fc2LiveAutomationApplication       : Starting Fc2LiveAutomationApplication using Java 25.0.2 with PID 536 (C:\Users\aikus\OneDrive\デスクトップ\作業\fc2-live-automation\target\classes started by aikus in C:\Users\aikus\OneDrive\デスクトップ\作業\fc2-live-automation)
2026-04-19T19:32:47.840+09:00  INFO 536 --- [fc2-live-automation] [main] c.e.f.Fc2LiveAutomationApplication       : No active profile set, falling back to 1 default profile: "default"
2026-04-19T19:32:49.819+09:00  INFO 536 --- [fc2-live-automation] [main] .s.d.r.c.RepositoryConfigurationDelegate : Bootstrapping Spring Data JPA repositories in DEFAULT mode.
2026-04-19T19:32:49.924+09:00  INFO 536 --- [fc2-live-automation] [main] .s.d.r.c.RepositoryConfigurationDelegate : Finished Spring Data repository scanning in 85 ms. Found 2 JPA repository interfaces.
2026-04-19T19:32:50.676+09:00  INFO 536 --- [fc2-live-automation] [main] o.s.b.w.embedded.tomcat.TomcatWebServer  : Tomcat initialized with port 8082 (http)
2026-04-19T19:32:50.727+09:00  INFO 536 --- [fc2-live-automation] [main] o.apache.catalina.core.StandardService   : Starting service [Tomcat]
2026-04-19T19:32:50.728+09:00  INFO 536 --- [fc2-live-automation] [main] o.apache.catalina.core.StandardEngine    : Starting Servlet engine: [Apache Tomcat/10.1.52]
2026-04-19T19:32:50.878+09:00  INFO 536 --- [fc2-live-automation] [main] o.a.c.c.C.[Tomcat].[localhost].[/]       : Initializing Spring embedded WebApplicationContext
2026-04-19T19:32:50.879+09:00  INFO 536 --- [fc2-live-automation] [main] w.s.c.ServletWebServerApplicationContext : Root WebApplicationContext: initialization completed in 2956 ms
2026-04-19T19:32:51.583+09:00  INFO 536 --- [fc2-live-automation] [main] o.hibernate.jpa.internal.util.LogHelper  : HHH000204: Processing PersistenceUnitInfo [name: default]
2026-04-19T19:32:51.663+09:00  INFO 536 --- [fc2-live-automation] [main] org.hibernate.Version                    : HHH000412: Hibernate ORM core version 6.6.44.Final
2026-04-19T19:32:51.712+09:00  INFO 536 --- [fc2-live-automation] [main] o.h.c.internal.RegionFactoryInitiator    : HHH000026: Second-level cache disabled
2026-04-19T19:32:52.074+09:00  INFO 536 --- [fc2-live-automation] [main] o.s.o.j.p.SpringPersistenceUnitInfo      : No LoadTimeWeaver setup: ignoring JPA class transformer
2026-04-19T19:32:52.130+09:00  INFO 536 --- [fc2-live-automation] [main] com.zaxxer.hikari.HikariDataSource       : HikariPool-1 - Starting...
2026-04-19T19:32:52.545+09:00  INFO 536 --- [fc2-live-automation] [main] com.zaxxer.hikari.pool.HikariPool        : HikariPool-1 - Added connection conn0: url=jdbc:h2:file:./data/fc2_automation_v2 user=SA
2026-04-19T19:32:52.555+09:00  INFO 536 --- [fc2-live-automation] [main] com.zaxxer.hikari.HikariDataSource       : HikariPool-1 - Start completed.
2026-04-19T19:32:52.602+09:00  WARN 536 --- [fc2-live-automation] [main] org.hibernate.orm.deprecation            : HHH90000025: H2Dialect does not need to be specified explicitly using 'hibernate.dialect' (remove the property setting and it will be selected by default)
2026-04-19T19:32:52.643+09:00  INFO 536 --- [fc2-live-automation] [main] org.hibernate.orm.connections.pooling    : HHH10001005: Database info:
	Database JDBC URL [Connecting through datasource 'HikariDataSource (HikariPool-1)']
	Database driver: undefined/unknown
	Database version: 2.3.232
	Autocommit mode: undefined/unknown
	Isolation level: undefined/unknown
	Minimum pool size: undefined/unknown
	Maximum pool size: undefined/unknown
2026-04-19T19:32:53.816+09:00  INFO 536 --- [fc2-live-automation] [main] o.h.e.t.j.p.i.JtaPlatformInitiator       : HHH000489: No JTA platform available (set 'hibernate.transaction.jta.platform' to enable JTA platform integration)
2026-04-19T19:32:53.905+09:00  INFO 536 --- [fc2-live-automation] [main] j.LocalContainerEntityManagerFactoryBean : Initialized JPA EntityManagerFactory for persistence unit 'default'
2026-04-19T19:32:54.908+09:00  INFO 536 --- [fc2-live-automation] [main] c.e.f.service.AutomationScheduler        : 🧹 起動時クリーンアップ: データベース上の「配信中(RUNNING)」ステータスをリセットします
2026-04-19T19:32:55.215+09:00  INFO 536 --- [fc2-live-automation] [main] c.e.f.service.AutomationScheduler        : ✅ クリーンアップ完了: プリセット 0 件、アカウント 0 件を停止状態に戻しました
2026-04-19T19:32:55.339+09:00  WARN 536 --- [fc2-live-automation] [main] JpaBaseConfiguration$JpaWebConfiguration : spring.jpa.open-in-view is enabled by default. Therefore, database queries may be performed during view rendering. Explicitly configure spring.jpa.open-in-view to disable this warning
2026-04-19T19:32:55.407+09:00  INFO 536 --- [fc2-live-automation] [main] o.s.b.a.w.s.WelcomePageHandlerMapping    : Adding welcome page template: index
2026-04-19T19:32:56.600+09:00  INFO 536 --- [fc2-live-automation] [main] o.s.b.a.e.web.EndpointLinksResolver      : Exposing 1 endpoint beneath base path '/actuator'
2026-04-19T19:32:56.695+09:00  WARN 536 --- [fc2-live-automation] [main] ConfigServletWebServerApplicationContext : Exception encountered during context initialization - cancelling refresh attempt: org.springframework.context.ApplicationContextException: Failed to start bean 'webServerStartStop'
2026-04-19T19:32:56.707+09:00  INFO 536 --- [fc2-live-automation] [main] j.LocalContainerEntityManagerFactoryBean : Closing JPA EntityManagerFactory for persistence unit 'default'
2026-04-19T19:32:56.714+09:00  INFO 536 --- [fc2-live-automation] [main] com.zaxxer.hikari.HikariDataSource       : HikariPool-1 - Shutdown initiated...
2026-04-19T19:32:56.750+09:00  INFO 536 --- [fc2-live-automation] [main] com.zaxxer.hikari.HikariDataSource       : HikariPool-1 - Shutdown completed.
2026-04-19T19:32:56.783+09:00  INFO 536 --- [fc2-live-automation] [main] .s.b.a.l.ConditionEvaluationReportLogger : 

Error starting ApplicationContext. To display the condition evaluation report re-run your application with 'debug' enabled.
2026-04-19T19:32:56.815+09:00 ERROR 536 --- [fc2-live-automation] [main] o.s.b.d.LoggingFailureAnalysisReporter   : 

***************************
APPLICATION FAILED TO START
***************************

Description:

Web server failed to start. Port 8082 was already in use.

Action:

Identify and stop the process that's listening on port 8082 or configure this application to listen on another port.

2026-04-19T19:33:29.215+09:00  INFO 48568 --- [fc2-live-automation] [main] c.e.f.Fc2LiveAutomationApplication       : Starting Fc2LiveAutomationApplication using Java 25.0.2 with PID 48568 (C:\Users\aikus\OneDrive\デスクトップ\作業\fc2-live-automation\target\classes started by aikus in C:\Users\aikus\OneDrive\デスクトップ\作業\fc2-live-automation)
2026-04-19T19:33:29.220+09:00  INFO 48568 --- [fc2-live-automation] [main] c.e.f.Fc2LiveAutomationApplication       : No active profile set, falling back to 1 default profile: "default"
2026-04-19T19:33:31.057+09:00  INFO 48568 --- [fc2-live-automation] [main] .s.d.r.c.RepositoryConfigurationDelegate : Bootstrapping Spring Data JPA repositories in DEFAULT mode.
2026-04-19T19:33:31.151+09:00  INFO 48568 --- [fc2-live-automation] [main] .s.d.r.c.RepositoryConfigurationDelegate : Finished Spring Data repository scanning in 80 ms. Found 2 JPA repository interfaces.
2026-04-19T19:33:32.042+09:00  INFO 48568 --- [fc2-live-automation] [main] o.s.b.w.embedded.tomcat.TomcatWebServer  : Tomcat initialized with port 8082 (http)
2026-04-19T19:33:32.065+09:00  INFO 48568 --- [fc2-live-automation] [main] o.apache.catalina.core.StandardService   : Starting service [Tomcat]
2026-04-19T19:33:32.067+09:00  INFO 48568 --- [fc2-live-automation] [main] o.apache.catalina.core.StandardEngine    : Starting Servlet engine: [Apache Tomcat/10.1.52]
2026-04-19T19:33:32.169+09:00  INFO 48568 --- [fc2-live-automation] [main] o.a.c.c.C.[Tomcat].[localhost].[/]       : Initializing Spring embedded WebApplicationContext
2026-04-19T19:33:32.171+09:00  INFO 48568 --- [fc2-live-automation] [main] w.s.c.ServletWebServerApplicationContext : Root WebApplicationContext: initialization completed in 2889 ms
2026-04-19T19:33:32.825+09:00  INFO 48568 --- [fc2-live-automation] [main] o.hibernate.jpa.internal.util.LogHelper  : HHH000204: Processing PersistenceUnitInfo [name: default]
2026-04-19T19:33:32.944+09:00  INFO 48568 --- [fc2-live-automation] [main] org.hibernate.Version                    : HHH000412: Hibernate ORM core version 6.6.44.Final
2026-04-19T19:33:33.129+09:00  INFO 48568 --- [fc2-live-automation] [main] o.h.c.internal.RegionFactoryInitiator    : HHH000026: Second-level cache disabled
2026-04-19T19:33:33.594+09:00  INFO 48568 --- [fc2-live-automation] [main] o.s.o.j.p.SpringPersistenceUnitInfo      : No LoadTimeWeaver setup: ignoring JPA class transformer
2026-04-19T19:33:33.679+09:00  INFO 48568 --- [fc2-live-automation] [main] com.zaxxer.hikari.HikariDataSource       : HikariPool-1 - Starting...
2026-04-19T19:33:34.069+09:00  INFO 48568 --- [fc2-live-automation] [main] com.zaxxer.hikari.pool.HikariPool        : HikariPool-1 - Added connection conn0: url=jdbc:h2:file:./data/fc2_automation_v2 user=SA
2026-04-19T19:33:34.071+09:00  INFO 48568 --- [fc2-live-automation] [main] com.zaxxer.hikari.HikariDataSource       : HikariPool-1 - Start completed.
2026-04-19T19:33:34.096+09:00  WARN 48568 --- [fc2-live-automation] [main] org.hibernate.orm.deprecation            : HHH90000025: H2Dialect does not need to be specified explicitly using 'hibernate.dialect' (remove the property setting and it will be selected by default)
2026-04-19T19:33:34.121+09:00  INFO 48568 --- [fc2-live-automation] [main] org.hibernate.orm.connections.pooling    : HHH10001005: Database info:
	Database JDBC URL [Connecting through datasource 'HikariDataSource (HikariPool-1)']
	Database driver: undefined/unknown
	Database version: 2.3.232
	Autocommit mode: undefined/unknown
	Isolation level: undefined/unknown
	Minimum pool size: undefined/unknown
	Maximum pool size: undefined/unknown
2026-04-19T19:33:35.038+09:00  INFO 48568 --- [fc2-live-automation] [main] o.h.e.t.j.p.i.JtaPlatformInitiator       : HHH000489: No JTA platform available (set 'hibernate.transaction.jta.platform' to enable JTA platform integration)
2026-04-19T19:33:35.113+09:00  INFO 48568 --- [fc2-live-automation] [main] j.LocalContainerEntityManagerFactoryBean : Initialized JPA EntityManagerFactory for persistence unit 'default'
2026-04-19T19:33:36.199+09:00  INFO 48568 --- [fc2-live-automation] [main] c.e.f.service.AutomationScheduler        : 🧹 起動時クリーンアップ: データベース上の「配信中(RUNNING)」ステータスをリセットします
2026-04-19T19:33:36.501+09:00  INFO 48568 --- [fc2-live-automation] [main] c.e.f.service.AutomationScheduler        : ✅ クリーンアップ完了: プリセット 0 件、アカウント 0 件を停止状態に戻しました
2026-04-19T19:33:36.804+09:00  WARN 48568 --- [fc2-live-automation] [main] JpaBaseConfiguration$JpaWebConfiguration : spring.jpa.open-in-view is enabled by default. Therefore, database queries may be performed during view rendering. Explicitly configure spring.jpa.open-in-view to disable this warning
2026-04-19T19:33:36.929+09:00  INFO 48568 --- [fc2-live-automation] [main] o.s.b.a.w.s.WelcomePageHandlerMapping    : Adding welcome page template: index
2026-04-19T19:33:38.921+09:00  INFO 48568 --- [fc2-live-automation] [main] o.s.b.a.e.web.EndpointLinksResolver      : Exposing 1 endpoint beneath base path '/actuator'
2026-04-19T19:33:39.089+09:00  INFO 48568 --- [fc2-live-automation] [main] o.s.b.w.embedded.tomcat.TomcatWebServer  : Tomcat started on port 8082 (http) with context path '/'
2026-04-19T19:33:39.117+09:00  INFO 48568 --- [fc2-live-automation] [main] c.e.f.Fc2LiveAutomationApplication       : Started Fc2LiveAutomationApplication in 10.484 seconds (process running for 11.122)
2026-04-19T19:33:40.043+09:00  INFO 48568 --- [fc2-live-automation] [http-nio-8082-exec-1] o.a.c.c.C.[Tomcat].[localhost].[/]       : Initializing Spring DispatcherServlet 'dispatcherServlet'
2026-04-19T19:33:40.047+09:00  INFO 48568 --- [fc2-live-automation] [http-nio-8082-exec-1] o.s.web.servlet.DispatcherServlet        : Initializing Servlet 'dispatcherServlet'
2026-04-19T19:33:40.053+09:00  INFO 48568 --- [fc2-live-automation] [http-nio-8082-exec-1] o.s.web.servlet.DispatcherServlet        : Completed initialization in 3 ms
2026-04-19T19:34:30.769+09:00  INFO 48568 --- [fc2-live-automation] [http-nio-8082-exec-2] c.e.f.service.Fc2AutomationWorker        : [Preset テストA] ▶️ プリセットの連続再生を開始します
2026-04-19T19:34:30.781+09:00  INFO 48568 --- [fc2-live-automation] [Thread-2] c.e.f.service.Fc2AutomationWorker        : [Preset テストA] 🎬 [すず] の配信準備を開始します
2026-04-19T19:34:52.772+09:00  INFO 48568 --- [fc2-live-automation] [Thread-2] c.e.f.service.Fc2AutomationWorker        : [Preset テストA] ✅ [すず] ログイン完了、設定画面へ移行
2026-04-19T19:34:54.789+09:00  INFO 48568 --- [fc2-live-automation] [Thread-2] c.e.f.service.Fc2AutomationWorker        : [Preset テストA] ⚠️ キャンペーンページを検知。オプトアウト処理を行います。
2026-04-19T19:35:40.016+09:00  INFO 48568 --- [fc2-live-automation] [Thread-2] c.e.f.service.Fc2AutomationWorker        : [Preset テストA] 🎥 [すず] FFmpegによる映像送信を開始しました
2026-04-19T19:35:57.145+09:00  INFO 48568 --- [fc2-live-automation] [Thread-2] c.e.f.service.Fc2AutomationWorker        : [Preset テストA] 🏁 [すず] 配信枠を終了しました
2026-04-19T19:35:57.158+09:00  INFO 48568 --- [fc2-live-automation] [Thread-2] c.e.f.service.Fc2AutomationWorker        : [Preset テストA] ⏹ プリセットの再生がすべて終了・停止しました
2026-04-19T19:43:26.092+09:00  INFO 45020 --- [fc2-live-automation] [main] c.e.f.Fc2LiveAutomationApplication       : Starting Fc2LiveAutomationApplication using Java 25.0.2 with PID 45020 (C:\Users\aikus\OneDrive\デスクトップ\作業\fc2-live-automation\target\classes started by aikus in C:\Users\aikus\OneDrive\デスクトップ\作業\fc2-live-automation)
2026-04-19T19:43:26.097+09:00  INFO 45020 --- [fc2-live-automation] [main] c.e.f.Fc2LiveAutomationApplication       : No active profile set, falling back to 1 default profile: "default"
2026-04-19T19:43:28.217+09:00  INFO 45020 --- [fc2-live-automation] [main] .s.d.r.c.RepositoryConfigurationDelegate : Bootstrapping Spring Data JPA repositories in DEFAULT mode.
2026-04-19T19:43:28.310+09:00  INFO 45020 --- [fc2-live-automation] [main] .s.d.r.c.RepositoryConfigurationDelegate : Finished Spring Data repository scanning in 79 ms. Found 2 JPA repository interfaces.
2026-04-19T19:43:29.149+09:00  INFO 45020 --- [fc2-live-automation] [main] o.s.b.w.embedded.tomcat.TomcatWebServer  : Tomcat initialized with port 8082 (http)
2026-04-19T19:43:29.195+09:00  INFO 45020 --- [fc2-live-automation] [main] o.apache.catalina.core.StandardService   : Starting service [Tomcat]
2026-04-19T19:43:29.197+09:00  INFO 45020 --- [fc2-live-automation] [main] o.apache.catalina.core.StandardEngine    : Starting Servlet engine: [Apache Tomcat/10.1.52]
2026-04-19T19:43:29.330+09:00  INFO 45020 --- [fc2-live-automation] [main] o.a.c.c.C.[Tomcat].[localhost].[/]       : Initializing Spring embedded WebApplicationContext
2026-04-19T19:43:29.332+09:00  INFO 45020 --- [fc2-live-automation] [main] w.s.c.ServletWebServerApplicationContext : Root WebApplicationContext: initialization completed in 3172 ms
2026-04-19T19:43:29.926+09:00  INFO 45020 --- [fc2-live-automation] [main] o.hibernate.jpa.internal.util.LogHelper  : HHH000204: Processing PersistenceUnitInfo [name: default]
2026-04-19T19:43:30.055+09:00  INFO 45020 --- [fc2-live-automation] [main] org.hibernate.Version                    : HHH000412: Hibernate ORM core version 6.6.44.Final
2026-04-19T19:43:30.205+09:00  INFO 45020 --- [fc2-live-automation] [main] o.h.c.internal.RegionFactoryInitiator    : HHH000026: Second-level cache disabled
2026-04-19T19:43:30.773+09:00  INFO 45020 --- [fc2-live-automation] [main] o.s.o.j.p.SpringPersistenceUnitInfo      : No LoadTimeWeaver setup: ignoring JPA class transformer
2026-04-19T19:43:30.906+09:00  INFO 45020 --- [fc2-live-automation] [main] com.zaxxer.hikari.HikariDataSource       : HikariPool-1 - Starting...
2026-04-19T19:43:31.326+09:00  INFO 45020 --- [fc2-live-automation] [main] com.zaxxer.hikari.pool.HikariPool        : HikariPool-1 - Added connection conn0: url=jdbc:h2:file:./data/fc2_automation_v2 user=SA
2026-04-19T19:43:31.329+09:00  INFO 45020 --- [fc2-live-automation] [main] com.zaxxer.hikari.HikariDataSource       : HikariPool-1 - Start completed.
2026-04-19T19:43:31.376+09:00  WARN 45020 --- [fc2-live-automation] [main] org.hibernate.orm.deprecation            : HHH90000025: H2Dialect does not need to be specified explicitly using 'hibernate.dialect' (remove the property setting and it will be selected by default)
2026-04-19T19:43:31.405+09:00  INFO 45020 --- [fc2-live-automation] [main] org.hibernate.orm.connections.pooling    : HHH10001005: Database info:
	Database JDBC URL [Connecting through datasource 'HikariDataSource (HikariPool-1)']
	Database driver: undefined/unknown
	Database version: 2.3.232
	Autocommit mode: undefined/unknown
	Isolation level: undefined/unknown
	Minimum pool size: undefined/unknown
	Maximum pool size: undefined/unknown
2026-04-19T19:43:32.486+09:00  INFO 45020 --- [fc2-live-automation] [main] o.h.e.t.j.p.i.JtaPlatformInitiator       : HHH000489: No JTA platform available (set 'hibernate.transaction.jta.platform' to enable JTA platform integration)
2026-04-19T19:43:32.569+09:00  INFO 45020 --- [fc2-live-automation] [main] j.LocalContainerEntityManagerFactoryBean : Initialized JPA EntityManagerFactory for persistence unit 'default'
2026-04-19T19:43:33.635+09:00  INFO 45020 --- [fc2-live-automation] [main] c.e.f.service.AutomationScheduler        : 🧹 起動時クリーンアップ: データベース上の「配信中(RUNNING)」ステータスをリセットします
2026-04-19T19:43:33.869+09:00  INFO 45020 --- [fc2-live-automation] [main] c.e.f.service.AutomationScheduler        : ✅ クリーンアップ完了: プリセット 0 件、アカウント 0 件を停止状態に戻しました
2026-04-19T19:43:33.930+09:00  WARN 45020 --- [fc2-live-automation] [main] JpaBaseConfiguration$JpaWebConfiguration : spring.jpa.open-in-view is enabled by default. Therefore, database queries may be performed during view rendering. Explicitly configure spring.jpa.open-in-view to disable this warning
2026-04-19T19:43:33.982+09:00  INFO 45020 --- [fc2-live-automation] [main] o.s.b.a.w.s.WelcomePageHandlerMapping    : Adding welcome page template: index
2026-04-19T19:43:35.063+09:00  INFO 45020 --- [fc2-live-automation] [RMI TCP Connection(2)-127.0.0.1] o.a.c.c.C.[Tomcat].[localhost].[/]       : Initializing Spring DispatcherServlet 'dispatcherServlet'
2026-04-19T19:43:35.064+09:00  INFO 45020 --- [fc2-live-automation] [RMI TCP Connection(2)-127.0.0.1] o.s.web.servlet.DispatcherServlet        : Initializing Servlet 'dispatcherServlet'
2026-04-19T19:43:35.064+09:00  INFO 45020 --- [fc2-live-automation] [RMI TCP Connection(2)-127.0.0.1] o.s.b.f.s.DefaultListableBeanFactory     : Obtaining singleton bean 'multipartResolver' in thread "RMI TCP Connection(2)-127.0.0.1" while other thread holds singleton lock for other beans [openTelemetry]
2026-04-19T19:43:35.066+09:00  INFO 45020 --- [fc2-live-automation] [RMI TCP Connection(2)-127.0.0.1] o.s.b.f.s.DefaultListableBeanFactory     : Obtaining singleton bean 'webEndpointServletHandlerMapping' in thread "RMI TCP Connection(2)-127.0.0.1" while other thread holds singleton lock for other beans [openTelemetry]
2026-04-19T19:43:35.067+09:00  INFO 45020 --- [fc2-live-automation] [RMI TCP Connection(2)-127.0.0.1] o.s.b.f.s.DefaultListableBeanFactory     : Obtaining singleton bean 'org.springframework.boot.actuate.autoconfigure.endpoint.web.servlet.WebMvcEndpointManagementContextConfiguration' in thread "RMI TCP Connection(2)-127.0.0.1" while other thread holds singleton lock for other beans [org.springframework.boot.actuate.autoconfigure.scheduling.ScheduledTasksObservabilityAutoConfiguration]
2026-04-19T19:43:35.069+09:00  INFO 45020 --- [fc2-live-automation] [RMI TCP Connection(2)-127.0.0.1] o.s.b.f.s.DefaultListableBeanFactory     : Obtaining singleton bean 'management.endpoints.web.cors-org.springframework.boot.actuate.autoconfigure.endpoint.web.CorsEndpointProperties' in thread "RMI TCP Connection(2)-127.0.0.1" while other thread holds singleton lock for other beans [sslMeterBinder]
2026-04-19T19:43:35.085+09:00  INFO 45020 --- [fc2-live-automation] [RMI TCP Connection(2)-127.0.0.1] o.s.b.a.e.web.EndpointLinksResolver      : Exposing 1 endpoint beneath base path '/actuator'
2026-04-19T19:43:35.099+09:00  INFO 45020 --- [fc2-live-automation] [RMI TCP Connection(2)-127.0.0.1] o.s.b.f.s.DefaultListableBeanFactory     : Obtaining singleton bean 'controllerEndpointHandlerMapping' in thread "RMI TCP Connection(2)-127.0.0.1" while other thread holds singleton lock for other beans [data-jpa.repository-aot-processor#0]
2026-04-19T19:43:35.126+09:00  INFO 45020 --- [fc2-live-automation] [RMI TCP Connection(2)-127.0.0.1] o.s.web.servlet.DispatcherServlet        : Completed initialization in 58 ms
2026-04-19T19:43:35.446+09:00  INFO 45020 --- [fc2-live-automation] [main] o.s.b.w.embedded.tomcat.TomcatWebServer  : Tomcat started on port 8082 (http) with context path '/'
2026-04-19T19:43:35.468+09:00  INFO 45020 --- [fc2-live-automation] [main] c.e.f.Fc2LiveAutomationApplication       : Started Fc2LiveAutomationApplication in 9.896 seconds (process running for 10.483)
2026-04-19T19:43:47.433+09:00  INFO 45020 --- [fc2-live-automation] [http-nio-8082-exec-3] c.e.f.service.Fc2AutomationWorker        : [Preset テストA] ▶️ プリセットの連続再生を開始します
2026-04-19T19:43:47.453+09:00  INFO 45020 --- [fc2-live-automation] [Thread-2] c.e.f.service.Fc2AutomationWorker        : [Preset テストA] 🎬 [すず] の配信準備を開始します
2026-04-19T19:43:58.190+09:00  INFO 45020 --- [fc2-live-automation] [Thread-2] c.e.f.service.Fc2AutomationWorker        : [Preset テストA] ✅ [すず] ログイン完了、設定画面へ移行
2026-04-19T19:44:00.205+09:00  INFO 45020 --- [fc2-live-automation] [Thread-2] c.e.f.service.Fc2AutomationWorker        : [Preset テストA] ⚠️ キャンペーンページを検知。オプトアウト処理を行います。
2026-04-19T19:44:25.211+09:00  INFO 45020 --- [fc2-live-automation] [Thread-2] c.e.f.service.Fc2AutomationWorker        : [Preset テストA] 🎥 [すず] FFmpegによる映像送信を開始しました
2026-04-19T19:45:39.995+09:00  INFO 45020 --- [fc2-live-automation] [Thread-2] c.e.f.service.Fc2AutomationWorker        : [Preset テストA] 🏁 [すず] 配信枠を終了しました
2026-04-19T19:45:39.997+09:00  INFO 45020 --- [fc2-live-automation] [Thread-2] c.e.f.service.Fc2AutomationWorker        : [Preset テストA] ❌ [すず] 試行失敗: Operation interrupted
2026-04-19T19:45:40.001+09:00  INFO 45020 --- [fc2-live-automation] [Thread-2] c.e.f.service.Fc2AutomationWorker        : [Preset テストA] ⏹ [すず] の処理を安全に中断しました
2026-04-19T19:45:40.010+09:00  INFO 45020 --- [fc2-live-automation] [Thread-2] c.e.f.service.Fc2AutomationWorker        : [Preset テストA] ⏹ プリセットの再生がすべて終了・停止しました
2026-04-19T20:17:44.815+09:00  INFO 38532 --- [fc2-live-automation] [main] c.e.f.Fc2LiveAutomationApplication       : Starting Fc2LiveAutomationApplication using Java 25.0.2 with PID 38532 (C:\Users\aikus\OneDrive\デスクトップ\作業\fc2-live-automation\target\classes started by aikus in C:\Users\aikus\OneDrive\デスクトップ\作業\fc2-live-automation)
2026-04-19T20:17:44.819+09:00  INFO 38532 --- [fc2-live-automation] [main] c.e.f.Fc2LiveAutomationApplication       : No active profile set, falling back to 1 default profile: "default"
2026-04-19T20:17:46.499+09:00  INFO 38532 --- [fc2-live-automation] [main] .s.d.r.c.RepositoryConfigurationDelegate : Bootstrapping Spring Data JPA repositories in DEFAULT mode.
2026-04-19T20:17:46.591+09:00  INFO 38532 --- [fc2-live-automation] [main] .s.d.r.c.RepositoryConfigurationDelegate : Finished Spring Data repository scanning in 75 ms. Found 2 JPA repository interfaces.
2026-04-19T20:17:47.611+09:00  INFO 38532 --- [fc2-live-automation] [main] o.s.b.w.embedded.tomcat.TomcatWebServer  : Tomcat initialized with port 8082 (http)
2026-04-19T20:17:47.636+09:00  INFO 38532 --- [fc2-live-automation] [main] o.apache.catalina.core.StandardService   : Starting service [Tomcat]
2026-04-19T20:17:47.637+09:00  INFO 38532 --- [fc2-live-automation] [main] o.apache.catalina.core.StandardEngine    : Starting Servlet engine: [Apache Tomcat/10.1.52]
2026-04-19T20:17:47.799+09:00  INFO 38532 --- [fc2-live-automation] [main] o.a.c.c.C.[Tomcat].[localhost].[/]       : Initializing Spring embedded WebApplicationContext
2026-04-19T20:17:47.800+09:00  INFO 38532 --- [fc2-live-automation] [main] w.s.c.ServletWebServerApplicationContext : Root WebApplicationContext: initialization completed in 2906 ms
2026-04-19T20:17:48.359+09:00  INFO 38532 --- [fc2-live-automation] [main] o.hibernate.jpa.internal.util.LogHelper  : HHH000204: Processing PersistenceUnitInfo [name: default]
2026-04-19T20:17:48.476+09:00  INFO 38532 --- [fc2-live-automation] [main] org.hibernate.Version                    : HHH000412: Hibernate ORM core version 6.6.44.Final
2026-04-19T20:17:48.542+09:00  INFO 38532 --- [fc2-live-automation] [main] o.h.c.internal.RegionFactoryInitiator    : HHH000026: Second-level cache disabled
2026-04-19T20:17:49.057+09:00  INFO 38532 --- [fc2-live-automation] [main] o.s.o.j.p.SpringPersistenceUnitInfo      : No LoadTimeWeaver setup: ignoring JPA class transformer
2026-04-19T20:17:49.127+09:00  INFO 38532 --- [fc2-live-automation] [main] com.zaxxer.hikari.HikariDataSource       : HikariPool-1 - Starting...
2026-04-19T20:17:49.511+09:00  INFO 38532 --- [fc2-live-automation] [main] com.zaxxer.hikari.pool.HikariPool        : HikariPool-1 - Added connection conn0: url=jdbc:h2:file:./data/fc2_automation_v2 user=SA
2026-04-19T20:17:49.515+09:00  INFO 38532 --- [fc2-live-automation] [main] com.zaxxer.hikari.HikariDataSource       : HikariPool-1 - Start completed.
2026-04-19T20:17:49.566+09:00  WARN 38532 --- [fc2-live-automation] [main] org.hibernate.orm.deprecation            : HHH90000025: H2Dialect does not need to be specified explicitly using 'hibernate.dialect' (remove the property setting and it will be selected by default)
2026-04-19T20:17:49.604+09:00  INFO 38532 --- [fc2-live-automation] [main] org.hibernate.orm.connections.pooling    : HHH10001005: Database info:
	Database JDBC URL [Connecting through datasource 'HikariDataSource (HikariPool-1)']
	Database driver: undefined/unknown
	Database version: 2.3.232
	Autocommit mode: undefined/unknown
	Isolation level: undefined/unknown
	Minimum pool size: undefined/unknown
	Maximum pool size: undefined/unknown
2026-04-19T20:17:50.562+09:00  INFO 38532 --- [fc2-live-automation] [main] o.h.e.t.j.p.i.JtaPlatformInitiator       : HHH000489: No JTA platform available (set 'hibernate.transaction.jta.platform' to enable JTA platform integration)
2026-04-19T20:17:50.635+09:00  INFO 38532 --- [fc2-live-automation] [main] j.LocalContainerEntityManagerFactoryBean : Initialized JPA EntityManagerFactory for persistence unit 'default'
2026-04-19T20:17:51.915+09:00  INFO 38532 --- [fc2-live-automation] [main] c.e.f.service.AutomationScheduler        : 🧹 起動時クリーンアップ: データベース上の「配信中(RUNNING)」ステータスをリセットします
2026-04-19T20:17:52.246+09:00  INFO 38532 --- [fc2-live-automation] [main] c.e.f.service.AutomationScheduler        : ✅ クリーンアップ完了: プリセット 0 件、アカウント 0 件を停止状態に戻しました
2026-04-19T20:17:52.316+09:00  WARN 38532 --- [fc2-live-automation] [main] JpaBaseConfiguration$JpaWebConfiguration : spring.jpa.open-in-view is enabled by default. Therefore, database queries may be performed during view rendering. Explicitly configure spring.jpa.open-in-view to disable this warning
2026-04-19T20:17:52.358+09:00  INFO 38532 --- [fc2-live-automation] [main] o.s.b.a.w.s.WelcomePageHandlerMapping    : Adding welcome page template: index
2026-04-19T20:17:53.629+09:00  INFO 38532 --- [fc2-live-automation] [main] o.s.b.a.e.web.EndpointLinksResolver      : Exposing 1 endpoint beneath base path '/actuator'
2026-04-19T20:17:53.795+09:00  INFO 38532 --- [fc2-live-automation] [main] o.s.b.w.embedded.tomcat.TomcatWebServer  : Tomcat started on port 8082 (http) with context path '/'
2026-04-19T20:17:53.824+09:00  INFO 38532 --- [fc2-live-automation] [main] c.e.f.Fc2LiveAutomationApplication       : Started Fc2LiveAutomationApplication in 9.507 seconds (process running for 10.274)
2026-04-19T20:17:54.372+09:00  INFO 38532 --- [fc2-live-automation] [http-nio-8082-exec-1] o.a.c.c.C.[Tomcat].[localhost].[/]       : Initializing Spring DispatcherServlet 'dispatcherServlet'
2026-04-19T20:17:54.374+09:00  INFO 38532 --- [fc2-live-automation] [http-nio-8082-exec-1] o.s.web.servlet.DispatcherServlet        : Initializing Servlet 'dispatcherServlet'
2026-04-19T20:17:54.377+09:00  INFO 38532 --- [fc2-live-automation] [http-nio-8082-exec-1] o.s.web.servlet.DispatcherServlet        : Completed initialization in 2 ms
2026-04-19T20:18:07.955+09:00  INFO 38532 --- [fc2-live-automation] [http-nio-8082-exec-3] c.e.f.service.Fc2AutomationWorker        : [Preset テストA] ▶️ プリセットの連続再生を開始します
2026-04-19T20:18:07.978+09:00  INFO 38532 --- [fc2-live-automation] [Thread-2] c.e.f.service.Fc2AutomationWorker        : [Preset テストA] 🎬 [すず] の配信準備を開始します
2026-04-19T20:18:19.354+09:00  INFO 38532 --- [fc2-live-automation] [Thread-2] c.e.f.service.Fc2AutomationWorker        : [Preset テストA] ✅ [すず] ログイン完了、設定画面へ移行
2026-04-19T20:18:21.360+09:00  INFO 38532 --- [fc2-live-automation] [Thread-2] c.e.f.service.Fc2AutomationWorker        : [Preset テストA] ⚠️ キャンペーンページを検知。オプトアウト処理を行います。
2026-04-19T20:18:37.565+09:00  INFO 38532 --- [fc2-live-automation] [Thread-2] c.e.f.service.Fc2AutomationWorker        : [Preset テストA] 🎥 [すず] FFmpegによる映像送信を開始しました
2026-04-19T20:18:52.972+09:00  INFO 38532 --- [fc2-live-automation] [Thread-2] c.e.f.service.Fc2AutomationWorker        : [Preset テストA] 🏁 [すず] 配信枠を終了しました
2026-04-19T20:18:52.976+09:00  INFO 38532 --- [fc2-live-automation] [Thread-2] c.e.f.service.Fc2AutomationWorker        : [Preset テストA] ❌ [すず] 試行失敗: Operation interrupted
2026-04-19T20:18:52.977+09:00  INFO 38532 --- [fc2-live-automation] [Thread-2] c.e.f.service.Fc2AutomationWorker        : [Preset テストA] ⏹ [すず] の処理を安全に中断しました
2026-04-19T20:18:53.000+09:00  INFO 38532 --- [fc2-live-automation] [Thread-2] c.e.f.service.Fc2AutomationWorker        : [Preset テストA] ⏹ プリセットの再生がすべて終了・停止しました
