2026-04-19T19:29:58.655+09:00  INFO 45172 --- [fc2-live-automation] [main] c.e.f.Fc2LiveAutomationApplication       : Starting Fc2LiveAutomationApplication using Java 25.0.2 with PID 45172 (C:\Users\aikus\OneDrive\デスクトップ\作業\fc2-live-automation\target\classes started by aikus in C:\Users\aikus\OneDrive\デスクトップ\作業\fc2-live-automation)
2026-04-19T19:29:58.675+09:00  INFO 45172 --- [fc2-live-automation] [main] c.e.f.Fc2LiveAutomationApplication       : No active profile set, falling back to 1 default profile: "default"
2026-04-19T19:30:02.396+09:00  INFO 45172 --- [fc2-live-automation] [main] .s.d.r.c.RepositoryConfigurationDelegate : Bootstrapping Spring Data JPA repositories in DEFAULT mode.
2026-04-19T19:30:02.533+09:00  INFO 45172 --- [fc2-live-automation] [main] .s.d.r.c.RepositoryConfigurationDelegate : Finished Spring Data repository scanning in 112 ms. Found 2 JPA repository interfaces.
2026-04-19T19:30:04.262+09:00  INFO 45172 --- [fc2-live-automation] [main] o.s.b.w.embedded.tomcat.TomcatWebServer  : Tomcat initialized with port 8082 (http)
2026-04-19T19:30:04.297+09:00  INFO 45172 --- [fc2-live-automation] [main] o.apache.catalina.core.StandardService   : Starting service [Tomcat]
2026-04-19T19:30:04.300+09:00  INFO 45172 --- [fc2-live-automation] [main] o.apache.catalina.core.StandardEngine    : Starting Servlet engine: [Apache Tomcat/10.1.52]
2026-04-19T19:30:04.495+09:00  INFO 45172 --- [fc2-live-automation] [main] o.a.c.c.C.[Tomcat].[localhost].[/]       : Initializing Spring embedded WebApplicationContext
2026-04-19T19:30:04.497+09:00  INFO 45172 --- [fc2-live-automation] [main] w.s.c.ServletWebServerApplicationContext : Root WebApplicationContext: initialization completed in 5546 ms
2026-04-19T19:30:06.002+09:00  INFO 45172 --- [fc2-live-automation] [main] o.hibernate.jpa.internal.util.LogHelper  : HHH000204: Processing PersistenceUnitInfo [name: default]
2026-04-19T19:30:06.195+09:00  INFO 45172 --- [fc2-live-automation] [main] org.hibernate.Version                    : HHH000412: Hibernate ORM core version 6.6.44.Final
2026-04-19T19:30:06.279+09:00  INFO 45172 --- [fc2-live-automation] [main] o.h.c.internal.RegionFactoryInitiator    : HHH000026: Second-level cache disabled
2026-04-19T19:30:06.942+09:00  INFO 45172 --- [fc2-live-automation] [main] o.s.o.j.p.SpringPersistenceUnitInfo      : No LoadTimeWeaver setup: ignoring JPA class transformer
2026-04-19T19:30:07.043+09:00  INFO 45172 --- [fc2-live-automation] [main] com.zaxxer.hikari.HikariDataSource       : HikariPool-1 - Starting...
2026-04-19T19:30:07.791+09:00  INFO 45172 --- [fc2-live-automation] [main] com.zaxxer.hikari.pool.HikariPool        : HikariPool-1 - Added connection conn0: url=jdbc:h2:file:./data/fc2_automation_v2 user=SA
2026-04-19T19:30:07.796+09:00  INFO 45172 --- [fc2-live-automation] [main] com.zaxxer.hikari.HikariDataSource       : HikariPool-1 - Start completed.
2026-04-19T19:30:07.858+09:00  WARN 45172 --- [fc2-live-automation] [main] org.hibernate.orm.deprecation            : HHH90000025: H2Dialect does not need to be specified explicitly using 'hibernate.dialect' (remove the property setting and it will be selected by default)
2026-04-19T19:30:07.893+09:00  INFO 45172 --- [fc2-live-automation] [main] org.hibernate.orm.connections.pooling    : HHH10001005: Database info:
	Database JDBC URL [Connecting through datasource 'HikariDataSource (HikariPool-1)']
	Database driver: undefined/unknown
	Database version: 2.3.232
	Autocommit mode: undefined/unknown
	Isolation level: undefined/unknown
	Minimum pool size: undefined/unknown
	Maximum pool size: undefined/unknown
2026-04-19T19:30:09.414+09:00  INFO 45172 --- [fc2-live-automation] [main] o.h.e.t.j.p.i.JtaPlatformInitiator       : HHH000489: No JTA platform available (set 'hibernate.transaction.jta.platform' to enable JTA platform integration)
2026-04-19T19:30:09.545+09:00  INFO 45172 --- [fc2-live-automation] [main] j.LocalContainerEntityManagerFactoryBean : Initialized JPA EntityManagerFactory for persistence unit 'default'
2026-04-19T19:30:11.097+09:00  INFO 45172 --- [fc2-live-automation] [main] c.e.f.service.AutomationScheduler        : 🧹 起動時クリーンアップ: データベース上の「配信中(RUNNING)」ステータスをリセットします
2026-04-19T19:30:11.394+09:00  INFO 45172 --- [fc2-live-automation] [main] c.e.f.service.AutomationScheduler        : ✅ クリーンアップ完了: プリセット 0 件、アカウント 0 件を停止状態に戻しました
2026-04-19T19:30:11.464+09:00  WARN 45172 --- [fc2-live-automation] [main] JpaBaseConfiguration$JpaWebConfiguration : spring.jpa.open-in-view is enabled by default. Therefore, database queries may be performed during view rendering. Explicitly configure spring.jpa.open-in-view to disable this warning
2026-04-19T19:30:11.507+09:00  INFO 45172 --- [fc2-live-automation] [main] o.s.b.a.w.s.WelcomePageHandlerMapping    : Adding welcome page template: index
2026-04-19T19:30:12.997+09:00  INFO 45172 --- [fc2-live-automation] [main] o.s.b.a.e.web.EndpointLinksResolver      : Exposing 1 endpoint beneath base path '/actuator'
2026-04-19T19:30:13.183+09:00  WARN 45172 --- [fc2-live-automation] [main] ConfigServletWebServerApplicationContext : Exception encountered during context initialization - cancelling refresh attempt: org.springframework.context.ApplicationContextException: Failed to start bean 'webServerStartStop'
2026-04-19T19:30:13.196+09:00  INFO 45172 --- [fc2-live-automation] [main] j.LocalContainerEntityManagerFactoryBean : Closing JPA EntityManagerFactory for persistence unit 'default'
2026-04-19T19:30:13.201+09:00  INFO 45172 --- [fc2-live-automation] [main] com.zaxxer.hikari.HikariDataSource       : HikariPool-1 - Shutdown initiated...
2026-04-19T19:30:13.223+09:00  INFO 45172 --- [fc2-live-automation] [main] com.zaxxer.hikari.HikariDataSource       : HikariPool-1 - Shutdown completed.
2026-04-19T19:30:13.279+09:00  INFO 45172 --- [fc2-live-automation] [main] .s.b.a.l.ConditionEvaluationReportLogger : 

Error starting ApplicationContext. To display the condition evaluation report re-run your application with 'debug' enabled.
2026-04-19T19:30:13.318+09:00 ERROR 45172 --- [fc2-live-automation] [main] o.s.b.d.LoggingFailureAnalysisReporter   : 

***************************
APPLICATION FAILED TO START
***************************

Description:

Web server failed to start. Port 8082 was already in use.

Action:

Identify and stop the process that's listening on port 8082 or configure this application to listen on another port.

2026-04-19T19:32:47.836+09:00  INFO 536 --- [fc2-live-automation] [main] c.e.f.Fc2LiveAutomationApplication       : Starting Fc2LiveAutomationApplication using Java 25.0.2 with PID 536 (C:\Users\aikus\OneDrive\デスクトップ\作業\fc2-live-automation\target\classes started by aikus in C:\Users\aikus\OneDrive\デスクトップ\作業\fc2-live-automation)
2026-04-19T19:32:47.840+09:00  INFO 536 --- [fc2-live-automation] [main] c.e.f.Fc2LiveAutomationApplication       : No active profile set, falling back to 1 default profile: "default"
2026-04-19T19:32:49.819+09:00  INFO 536 --- [fc2-live-automation] [main] .s.d.r.c.RepositoryConfigurationDelegate : Bootstrapping Spring Data JPA repositories in DEFAULT mode.
2026-04-19T19:32:49.924+09:00  INFO 536 --- [fc2-live-automation] [main] .s.d.r.c.RepositoryConfigurationDelegate : Finished Spring Data repository scanning in 85 ms. Found 2 JPA repository interfaces.
2026-04-19T19:32:50.676+09:00  INFO 536 --- [fc2-live-automation] [main] o.s.b.w.embedded.tomcat.TomcatWebServer  : Tomcat initialized with port 8082 (http)
2026-04-19T19:32:50.727+09:00  INFO 536 --- [fc2-live-automation] [main] o.apache.catalina.core.StandardService   : Starting service [Tomcat]
2026-04-19T19:32:50.728+09:00  INFO 536 --- [fc2-live-automation] [main] o.apache.catalina.core.StandardEngine    : Starting Servlet engine: [Apache Tomcat/10.1.52]
2026-04-19T19:32:50.878+09:00  INFO 536 --- [fc2-live-automation] [main] o.a.c.c.C.[Tomcat].[localhost].[/]       : Initializing Spring embedded WebApplicationContext
2026-04-19T19:32:50.879+09:00  INFO 536 --- [fc2-live-automation] [main] w.s.c.ServletWebServerApplicationContext : Root WebApplicationContext: initialization completed in 2956 ms
2026-04-19T19:32:51.583+09:00  INFO 536 --- [fc2-live-automation] [main] o.hibernate.jpa.internal.util.LogHelper  : HHH000204: Processing PersistenceUnitInfo [name: default]
2026-04-19T19:32:51.663+09:00  INFO 536 --- [fc2-live-automation] [main] org.hibernate.Version                    : HHH000412: Hibernate ORM core version 6.6.44.Final
2026-04-19T19:32:51.712+09:00  INFO 536 --- [fc2-live-automation] [main] o.h.c.internal.RegionFactoryInitiator    : HHH000026: Second-level cache disabled
2026-04-19T19:32:52.074+09:00  INFO 536 --- [fc2-live-automation] [main] o.s.o.j.p.SpringPersistenceUnitInfo      : No LoadTimeWeaver setup: ignoring JPA class transformer
2026-04-19T19:32:52.130+09:00  INFO 536 --- [fc2-live-automation] [main] com.zaxxer.hikari.HikariDataSource       : HikariPool-1 - Starting...
2026-04-19T19:32:52.545+09:00  INFO 536 --- [fc2-live-automation] [main] com.zaxxer.hikari.pool.HikariPool        : HikariPool-1 - Added connection conn0: url=jdbc:h2:file:./data/fc2_automation_v2 user=SA
2026-04-19T19:32:52.555+09:00  INFO 536 --- [fc2-live-automation] [main] com.zaxxer.hikari.HikariDataSource       : HikariPool-1 - Start completed.
2026-04-19T19:32:52.602+09:00  WARN 536 --- [fc2-live-automation] [main] org.hibernate.orm.deprecation            : HHH90000025: H2Dialect does not need to be specified explicitly using 'hibernate.dialect' (remove the property setting and it will be selected by default)
2026-04-19T19:32:52.643+09:00  INFO 536 --- [fc2-live-automation] [main] org.hibernate.orm.connections.pooling    : HHH10001005: Database info:
	Database JDBC URL [Connecting through datasource 'HikariDataSource (HikariPool-1)']
	Database driver: undefined/unknown
	Database version: 2.3.232
	Autocommit mode: undefined/unknown
	Isolation level: undefined/unknown
	Minimum pool size: undefined/unknown
	Maximum pool size: undefined/unknown
2026-04-19T19:32:53.816+09:00  INFO 536 --- [fc2-live-automation] [main] o.h.e.t.j.p.i.JtaPlatformInitiator       : HHH000489: No JTA platform available (set 'hibernate.transaction.jta.platform' to enable JTA platform integration)
2026-04-19T19:32:53.905+09:00  INFO 536 --- [fc2-live-automation] [main] j.LocalContainerEntityManagerFactoryBean : Initialized JPA EntityManagerFactory for persistence unit 'default'
2026-04-19T19:32:54.908+09:00  INFO 536 --- [fc2-live-automation] [main] c.e.f.service.AutomationScheduler        : 🧹 起動時クリーンアップ: データベース上の「配信中(RUNNING)」ステータスをリセットします
2026-04-19T19:32:55.215+09:00  INFO 536 --- [fc2-live-automation] [main] c.e.f.service.AutomationScheduler        : ✅ クリーンアップ完了: プリセット 0 件、アカウント 0 件を停止状態に戻しました
2026-04-19T19:32:55.339+09:00  WARN 536 --- [fc2-live-automation] [main] JpaBaseConfiguration$JpaWebConfiguration : spring.jpa.open-in-view is enabled by default. Therefore, database queries may be performed during view rendering. Explicitly configure spring.jpa.open-in-view to disable this warning
2026-04-19T19:32:55.407+09:00  INFO 536 --- [fc2-live-automation] [main] o.s.b.a.w.s.WelcomePageHandlerMapping    : Adding welcome page template: index
2026-04-19T19:32:56.600+09:00  INFO 536 --- [fc2-live-automation] [main] o.s.b.a.e.web.EndpointLinksResolver      : Exposing 1 endpoint beneath base path '/actuator'
2026-04-19T19:32:56.695+09:00  WARN 536 --- [fc2-live-automation] [main] ConfigServletWebServerApplicationContext : Exception encountered during context initialization - cancelling refresh attempt: org.springframework.context.ApplicationContextException: Failed to start bean 'webServerStartStop'
2026-04-19T19:32:56.707+09:00  INFO 536 --- [fc2-live-automation] [main] j.LocalContainerEntityManagerFactoryBean : Closing JPA EntityManagerFactory for persistence unit 'default'
2026-04-19T19:32:56.714+09:00  INFO 536 --- [fc2-live-automation] [main] com.zaxxer.hikari.HikariDataSource       : HikariPool-1 - Shutdown initiated...
2026-04-19T19:32:56.750+09:00  INFO 536 --- [fc2-live-automation] [main] com.zaxxer.hikari.HikariDataSource       : HikariPool-1 - Shutdown completed.
2026-04-19T19:32:56.783+09:00  INFO 536 --- [fc2-live-automation] [main] .s.b.a.l.ConditionEvaluationReportLogger : 

Error starting ApplicationContext. To display the condition evaluation report re-run your application with 'debug' enabled.
2026-04-19T19:32:56.815+09:00 ERROR 536 --- [fc2-live-automation] [main] o.s.b.d.LoggingFailureAnalysisReporter   : 

***************************
APPLICATION FAILED TO START
***************************

Description:

Web server failed to start. Port 8082 was already in use.

Action:

Identify and stop the process that's listening on port 8082 or configure this application to listen on another port.

2026-04-19T19:33:29.215+09:00  INFO 48568 --- [fc2-live-automation] [main] c.e.f.Fc2LiveAutomationApplication       : Starting Fc2LiveAutomationApplication using Java 25.0.2 with PID 48568 (C:\Users\aikus\OneDrive\デスクトップ\作業\fc2-live-automation\target\classes started by aikus in C:\Users\aikus\OneDrive\デスクトップ\作業\fc2-live-automation)
2026-04-19T19:33:29.220+09:00  INFO 48568 --- [fc2-live-automation] [main] c.e.f.Fc2LiveAutomationApplication       : No active profile set, falling back to 1 default profile: "default"
2026-04-19T19:33:31.057+09:00  INFO 48568 --- [fc2-live-automation] [main] .s.d.r.c.RepositoryConfigurationDelegate : Bootstrapping Spring Data JPA repositories in DEFAULT mode.
2026-04-19T19:33:31.151+09:00  INFO 48568 --- [fc2-live-automation] [main] .s.d.r.c.RepositoryConfigurationDelegate : Finished Spring Data repository scanning in 80 ms. Found 2 JPA repository interfaces.
2026-04-19T19:33:32.042+09:00  INFO 48568 --- [fc2-live-automation] [main] o.s.b.w.embedded.tomcat.TomcatWebServer  : Tomcat initialized with port 8082 (http)
2026-04-19T19:33:32.065+09:00  INFO 48568 --- [fc2-live-automation] [main] o.apache.catalina.core.StandardService   : Starting service [Tomcat]
2026-04-19T19:33:32.067+09:00  INFO 48568 --- [fc2-live-automation] [main] o.apache.catalina.core.StandardEngine    : Starting Servlet engine: [Apache Tomcat/10.1.52]
2026-04-19T19:33:32.169+09:00  INFO 48568 --- [fc2-live-automation] [main] o.a.c.c.C.[Tomcat].[localhost].[/]       : Initializing Spring embedded WebApplicationContext
2026-04-19T19:33:32.171+09:00  INFO 48568 --- [fc2-live-automation] [main] w.s.c.ServletWebServerApplicationContext : Root WebApplicationContext: initialization completed in 2889 ms
2026-04-19T19:33:32.825+09:00  INFO 48568 --- [fc2-live-automation] [main] o.hibernate.jpa.internal.util.LogHelper  : HHH000204: Processing PersistenceUnitInfo [name: default]
2026-04-19T19:33:32.944+09:00  INFO 48568 --- [fc2-live-automation] [main] org.hibernate.Version                    : HHH000412: Hibernate ORM core version 6.6.44.Final
2026-04-19T19:33:33.129+09:00  INFO 48568 --- [fc2-live-automation] [main] o.h.c.internal.RegionFactoryInitiator    : HHH000026: Second-level cache disabled
2026-04-19T19:33:33.594+09:00  INFO 48568 --- [fc2-live-automation] [main] o.s.o.j.p.SpringPersistenceUnitInfo      : No LoadTimeWeaver setup: ignoring JPA class transformer
2026-04-19T19:33:33.679+09:00  INFO 48568 --- [fc2-live-automation] [main] com.zaxxer.hikari.HikariDataSource       : HikariPool-1 - Starting...
2026-04-19T19:33:34.069+09:00  INFO 48568 --- [fc2-live-automation] [main] com.zaxxer.hikari.pool.HikariPool        : HikariPool-1 - Added connection conn0: url=jdbc:h2:file:./data/fc2_automation_v2 user=SA
2026-04-19T19:33:34.071+09:00  INFO 48568 --- [fc2-live-automation] [main] com.zaxxer.hikari.HikariDataSource       : HikariPool-1 - Start completed.
2026-04-19T19:33:34.096+09:00  WARN 48568 --- [fc2-live-automation] [main] org.hibernate.orm.deprecation            : HHH90000025: H2Dialect does not need to be specified explicitly using 'hibernate.dialect' (remove the property setting and it will be selected by default)
2026-04-19T19:33:34.121+09:00  INFO 48568 --- [fc2-live-automation] [main] org.hibernate.orm.connections.pooling    : HHH10001005: Database info:
	Database JDBC URL [Connecting through datasource 'HikariDataSource (HikariPool-1)']
	Database driver: undefined/unknown
	Database version: 2.3.232
	Autocommit mode: undefined/unknown
	Isolation level: undefined/unknown
	Minimum pool size: undefined/unknown
	Maximum pool size: undefined/unknown
2026-04-19T19:33:35.038+09:00  INFO 48568 --- [fc2-live-automation] [main] o.h.e.t.j.p.i.JtaPlatformInitiator       : HHH000489: No JTA platform available (set 'hibernate.transaction.jta.platform' to enable JTA platform integration)
2026-04-19T19:33:35.113+09:00  INFO 48568 --- [fc2-live-automation] [main] j.LocalContainerEntityManagerFactoryBean : Initialized JPA EntityManagerFactory for persistence unit 'default'
2026-04-19T19:33:36.199+09:00  INFO 48568 --- [fc2-live-automation] [main] c.e.f.service.AutomationScheduler        : 🧹 起動時クリーンアップ: データベース上の「配信中(RUNNING)」ステータスをリセットします
2026-04-19T19:33:36.501+09:00  INFO 48568 --- [fc2-live-automation] [main] c.e.f.service.AutomationScheduler        : ✅ クリーンアップ完了: プリセット 0 件、アカウント 0 件を停止状態に戻しました
2026-04-19T19:33:36.804+09:00  WARN 48568 --- [fc2-live-automation] [main] JpaBaseConfiguration$JpaWebConfiguration : spring.jpa.open-in-view is enabled by default. Therefore, database queries may be performed during view rendering. Explicitly configure spring.jpa.open-in-view to disable this warning
2026-04-19T19:33:36.929+09:00  INFO 48568 --- [fc2-live-automation] [main] o.s.b.a.w.s.WelcomePageHandlerMapping    : Adding welcome page template: index
2026-04-19T19:33:38.921+09:00  INFO 48568 --- [fc2-live-automation] [main] o.s.b.a.e.web.EndpointLinksResolver      : Exposing 1 endpoint beneath base path '/actuator'
2026-04-19T19:33:39.089+09:00  INFO 48568 --- [fc2-live-automation] [main] o.s.b.w.embedded.tomcat.TomcatWebServer  : Tomcat started on port 8082 (http) with context path '/'
2026-04-19T19:33:39.117+09:00  INFO 48568 --- [fc2-live-automation] [main] c.e.f.Fc2LiveAutomationApplication       : Started Fc2LiveAutomationApplication in 10.484 seconds (process running for 11.122)
2026-04-19T19:33:40.043+09:00  INFO 48568 --- [fc2-live-automation] [http-nio-8082-exec-1] o.a.c.c.C.[Tomcat].[localhost].[/]       : Initializing Spring DispatcherServlet 'dispatcherServlet'
2026-04-19T19:33:40.047+09:00  INFO 48568 --- [fc2-live-automation] [http-nio-8082-exec-1] o.s.web.servlet.DispatcherServlet        : Initializing Servlet 'dispatcherServlet'
2026-04-19T19:33:40.053+09:00  INFO 48568 --- [fc2-live-automation] [http-nio-8082-exec-1] o.s.web.servlet.DispatcherServlet        : Completed initialization in 3 ms
2026-04-19T19:34:30.769+09:00  INFO 48568 --- [fc2-live-automation] [http-nio-8082-exec-2] c.e.f.service.Fc2AutomationWorker        : [Preset テストA] ▶️ プリセットの連続再生を開始します
2026-04-19T19:34:30.781+09:00  INFO 48568 --- [fc2-live-automation] [Thread-2] c.e.f.service.Fc2AutomationWorker        : [Preset テストA] 🎬 [すず] の配信準備を開始します
2026-04-19T19:34:52.772+09:00  INFO 48568 --- [fc2-live-automation] [Thread-2] c.e.f.service.Fc2AutomationWorker        : [Preset テストA] ✅ [すず] ログイン完了、設定画面へ移行
2026-04-19T19:34:54.789+09:00  INFO 48568 --- [fc2-live-automation] [Thread-2] c.e.f.service.Fc2AutomationWorker        : [Preset テストA] ⚠️ キャンペーンページを検知。オプトアウト処理を行います。
2026-04-19T19:35:40.016+09:00  INFO 48568 --- [fc2-live-automation] [Thread-2] c.e.f.service.Fc2AutomationWorker        : [Preset テストA] 🎥 [すず] FFmpegによる映像送信を開始しました
2026-04-19T19:35:57.145+09:00  INFO 48568 --- [fc2-live-automation] [Thread-2] c.e.f.service.Fc2AutomationWorker        : [Preset テストA] 🏁 [すず] 配信枠を終了しました
2026-04-19T19:35:57.158+09:00  INFO 48568 --- [fc2-live-automation] [Thread-2] c.e.f.service.Fc2AutomationWorker        : [Preset テストA] ⏹ プリセットの再生がすべて終了・停止しました
2026-04-19T19:43:26.092+09:00  INFO 45020 --- [fc2-live-automation] [main] c.e.f.Fc2LiveAutomationApplication       : Starting Fc2LiveAutomationApplication using Java 25.0.2 with PID 45020 (C:\Users\aikus\OneDrive\デスクトップ\作業\fc2-live-automation\target\classes started by aikus in C:\Users\aikus\OneDrive\デスクトップ\作業\fc2-live-automation)
2026-04-19T19:43:26.097+09:00  INFO 45020 --- [fc2-live-automation] [main] c.e.f.Fc2LiveAutomationApplication       : No active profile set, falling back to 1 default profile: "default"
2026-04-19T19:43:28.217+09:00  INFO 45020 --- [fc2-live-automation] [main] .s.d.r.c.RepositoryConfigurationDelegate : Bootstrapping Spring Data JPA repositories in DEFAULT mode.
2026-04-19T19:43:28.310+09:00  INFO 45020 --- [fc2-live-automation] [main] .s.d.r.c.RepositoryConfigurationDelegate : Finished Spring Data repository scanning in 79 ms. Found 2 JPA repository interfaces.
2026-04-19T19:43:29.149+09:00  INFO 45020 --- [fc2-live-automation] [main] o.s.b.w.embedded.tomcat.TomcatWebServer  : Tomcat initialized with port 8082 (http)
2026-04-19T19:43:29.195+09:00  INFO 45020 --- [fc2-live-automation] [main] o.apache.catalina.core.StandardService   : Starting service [Tomcat]
2026-04-19T19:43:29.197+09:00  INFO 45020 --- [fc2-live-automation] [main] o.apache.catalina.core.StandardEngine    : Starting Servlet engine: [Apache Tomcat/10.1.52]
2026-04-19T19:43:29.330+09:00  INFO 45020 --- [fc2-live-automation] [main] o.a.c.c.C.[Tomcat].[localhost].[/]       : Initializing Spring embedded WebApplicationContext
2026-04-19T19:43:29.332+09:00  INFO 45020 --- [fc2-live-automation] [main] w.s.c.ServletWebServerApplicationContext : Root WebApplicationContext: initialization completed in 3172 ms
2026-04-19T19:43:29.926+09:00  INFO 45020 --- [fc2-live-automation] [main] o.hibernate.jpa.internal.util.LogHelper  : HHH000204: Processing PersistenceUnitInfo [name: default]
2026-04-19T19:43:30.055+09:00  INFO 45020 --- [fc2-live-automation] [main] org.hibernate.Version                    : HHH000412: Hibernate ORM core version 6.6.44.Final
2026-04-19T19:43:30.205+09:00  INFO 45020 --- [fc2-live-automation] [main] o.h.c.internal.RegionFactoryInitiator    : HHH000026: Second-level cache disabled
2026-04-19T19:43:30.773+09:00  INFO 45020 --- [fc2-live-automation] [main] o.s.o.j.p.SpringPersistenceUnitInfo      : No LoadTimeWeaver setup: ignoring JPA class transformer
2026-04-19T19:43:30.906+09:00  INFO 45020 --- [fc2-live-automation] [main] com.zaxxer.hikari.HikariDataSource       : HikariPool-1 - Starting...
2026-04-19T19:43:31.326+09:00  INFO 45020 --- [fc2-live-automation] [main] com.zaxxer.hikari.pool.HikariPool        : HikariPool-1 - Added connection conn0: url=jdbc:h2:file:./data/fc2_automation_v2 user=SA
2026-04-19T19:43:31.329+09:00  INFO 45020 --- [fc2-live-automation] [main] com.zaxxer.hikari.HikariDataSource       : HikariPool-1 - Start completed.
2026-04-19T19:43:31.376+09:00  WARN 45020 --- [fc2-live-automation] [main] org.hibernate.orm.deprecation            : HHH90000025: H2Dialect does not need to be specified explicitly using 'hibernate.dialect' (remove the property setting and it will be selected by default)
2026-04-19T19:43:31.405+09:00  INFO 45020 --- [fc2-live-automation] [main] org.hibernate.orm.connections.pooling    : HHH10001005: Database info:
	Database JDBC URL [Connecting through datasource 'HikariDataSource (HikariPool-1)']
	Database driver: undefined/unknown
	Database version: 2.3.232
	Autocommit mode: undefined/unknown
	Isolation level: undefined/unknown
	Minimum pool size: undefined/unknown
	Maximum pool size: undefined/unknown
2026-04-19T19:43:32.486+09:00  INFO 45020 --- [fc2-live-automation] [main] o.h.e.t.j.p.i.JtaPlatformInitiator       : HHH000489: No JTA platform available (set 'hibernate.transaction.jta.platform' to enable JTA platform integration)
2026-04-19T19:43:32.569+09:00  INFO 45020 --- [fc2-live-automation] [main] j.LocalContainerEntityManagerFactoryBean : Initialized JPA EntityManagerFactory for persistence unit 'default'
2026-04-19T19:43:33.635+09:00  INFO 45020 --- [fc2-live-automation] [main] c.e.f.service.AutomationScheduler        : 🧹 起動時クリーンアップ: データベース上の「配信中(RUNNING)」ステータスをリセットします
2026-04-19T19:43:33.869+09:00  INFO 45020 --- [fc2-live-automation] [main] c.e.f.service.AutomationScheduler        : ✅ クリーンアップ完了: プリセット 0 件、アカウント 0 件を停止状態に戻しました
2026-04-19T19:43:33.930+09:00  WARN 45020 --- [fc2-live-automation] [main] JpaBaseConfiguration$JpaWebConfiguration : spring.jpa.open-in-view is enabled by default. Therefore, database queries may be performed during view rendering. Explicitly configure spring.jpa.open-in-view to disable this warning
2026-04-19T19:43:33.982+09:00  INFO 45020 --- [fc2-live-automation] [main] o.s.b.a.w.s.WelcomePageHandlerMapping    : Adding welcome page template: index
2026-04-19T19:43:35.063+09:00  INFO 45020 --- [fc2-live-automation] [RMI TCP Connection(2)-127.0.0.1] o.a.c.c.C.[Tomcat].[localhost].[/]       : Initializing Spring DispatcherServlet 'dispatcherServlet'
2026-04-19T19:43:35.064+09:00  INFO 45020 --- [fc2-live-automation] [RMI TCP Connection(2)-127.0.0.1] o.s.web.servlet.DispatcherServlet        : Initializing Servlet 'dispatcherServlet'
2026-04-19T19:43:35.064+09:00  INFO 45020 --- [fc2-live-automation] [RMI TCP Connection(2)-127.0.0.1] o.s.b.f.s.DefaultListableBeanFactory     : Obtaining singleton bean 'multipartResolver' in thread "RMI TCP Connection(2)-127.0.0.1" while other thread holds singleton lock for other beans [openTelemetry]
2026-04-19T19:43:35.066+09:00  INFO 45020 --- [fc2-live-automation] [RMI TCP Connection(2)-127.0.0.1] o.s.b.f.s.DefaultListableBeanFactory     : Obtaining singleton bean 'webEndpointServletHandlerMapping' in thread "RMI TCP Connection(2)-127.0.0.1" while other thread holds singleton lock for other beans [openTelemetry]
2026-04-19T19:43:35.067+09:00  INFO 45020 --- [fc2-live-automation] [RMI TCP Connection(2)-127.0.0.1] o.s.b.f.s.DefaultListableBeanFactory     : Obtaining singleton bean 'org.springframework.boot.actuate.autoconfigure.endpoint.web.servlet.WebMvcEndpointManagementContextConfiguration' in thread "RMI TCP Connection(2)-127.0.0.1" while other thread holds singleton lock for other beans [org.springframework.boot.actuate.autoconfigure.scheduling.ScheduledTasksObservabilityAutoConfiguration]
2026-04-19T19:43:35.069+09:00  INFO 45020 --- [fc2-live-automation] [RMI TCP Connection(2)-127.0.0.1] o.s.b.f.s.DefaultListableBeanFactory     : Obtaining singleton bean 'management.endpoints.web.cors-org.springframework.boot.actuate.autoconfigure.endpoint.web.CorsEndpointProperties' in thread "RMI TCP Connection(2)-127.0.0.1" while other thread holds singleton lock for other beans [sslMeterBinder]
2026-04-19T19:43:35.085+09:00  INFO 45020 --- [fc2-live-automation] [RMI TCP Connection(2)-127.0.0.1] o.s.b.a.e.web.EndpointLinksResolver      : Exposing 1 endpoint beneath base path '/actuator'
2026-04-19T19:43:35.099+09:00  INFO 45020 --- [fc2-live-automation] [RMI TCP Connection(2)-127.0.0.1] o.s.b.f.s.DefaultListableBeanFactory     : Obtaining singleton bean 'controllerEndpointHandlerMapping' in thread "RMI TCP Connection(2)-127.0.0.1" while other thread holds singleton lock for other beans [data-jpa.repository-aot-processor#0]
2026-04-19T19:43:35.126+09:00  INFO 45020 --- [fc2-live-automation] [RMI TCP Connection(2)-127.0.0.1] o.s.web.servlet.DispatcherServlet        : Completed initialization in 58 ms
2026-04-19T19:43:35.446+09:00  INFO 45020 --- [fc2-live-automation] [main] o.s.b.w.embedded.tomcat.TomcatWebServer  : Tomcat started on port 8082 (http) with context path '/'
2026-04-19T19:43:35.468+09:00  INFO 45020 --- [fc2-live-automation] [main] c.e.f.Fc2LiveAutomationApplication       : Started Fc2LiveAutomationApplication in 9.896 seconds (process running for 10.483)
2026-04-19T19:43:47.433+09:00  INFO 45020 --- [fc2-live-automation] [http-nio-8082-exec-3] c.e.f.service.Fc2AutomationWorker        : [Preset テストA] ▶️ プリセットの連続再生を開始します
2026-04-19T19:43:47.453+09:00  INFO 45020 --- [fc2-live-automation] [Thread-2] c.e.f.service.Fc2AutomationWorker        : [Preset テストA] 🎬 [すず] の配信準備を開始します
2026-04-19T19:43:58.190+09:00  INFO 45020 --- [fc2-live-automation] [Thread-2] c.e.f.service.Fc2AutomationWorker        : [Preset テストA] ✅ [すず] ログイン完了、設定画面へ移行
2026-04-19T19:44:00.205+09:00  INFO 45020 --- [fc2-live-automation] [Thread-2] c.e.f.service.Fc2AutomationWorker        : [Preset テストA] ⚠️ キャンペーンページを検知。オプトアウト処理を行います。
2026-04-19T19:44:25.211+09:00  INFO 45020 --- [fc2-live-automation] [Thread-2] c.e.f.service.Fc2AutomationWorker        : [Preset テストA] 🎥 [すず] FFmpegによる映像送信を開始しました
2026-04-19T19:45:39.995+09:00  INFO 45020 --- [fc2-live-automation] [Thread-2] c.e.f.service.Fc2AutomationWorker        : [Preset テストA] 🏁 [すず] 配信枠を終了しました
2026-04-19T19:45:39.997+09:00  INFO 45020 --- [fc2-live-automation] [Thread-2] c.e.f.service.Fc2AutomationWorker        : [Preset テストA] ❌ [すず] 試行失敗: Operation interrupted
2026-04-19T19:45:40.001+09:00  INFO 45020 --- [fc2-live-automation] [Thread-2] c.e.f.service.Fc2AutomationWorker        : [Preset テストA] ⏹ [すず] の処理を安全に中断しました
2026-04-19T19:45:40.010+09:00  INFO 45020 --- [fc2-live-automation] [Thread-2] c.e.f.service.Fc2AutomationWorker        : [Preset テストA] ⏹ プリセットの再生がすべて終了・停止しました
2026-04-19T20:17:44.815+09:00  INFO 38532 --- [fc2-live-automation] [main] c.e.f.Fc2LiveAutomationApplication       : Starting Fc2LiveAutomationApplication using Java 25.0.2 with PID 38532 (C:\Users\aikus\OneDrive\デスクトップ\作業\fc2-live-automation\target\classes started by aikus in C:\Users\aikus\OneDrive\デスクトップ\作業\fc2-live-automation)
2026-04-19T20:17:44.819+09:00  INFO 38532 --- [fc2-live-automation] [main] c.e.f.Fc2LiveAutomationApplication       : No active profile set, falling back to 1 default profile: "default"
2026-04-19T20:17:46.499+09:00  INFO 38532 --- [fc2-live-automation] [main] .s.d.r.c.RepositoryConfigurationDelegate : Bootstrapping Spring Data JPA repositories in DEFAULT mode.
2026-04-19T20:17:46.591+09:00  INFO 38532 --- [fc2-live-automation] [main] .s.d.r.c.RepositoryConfigurationDelegate : Finished Spring Data repository scanning in 75 ms. Found 2 JPA repository interfaces.
2026-04-19T20:17:47.611+09:00  INFO 38532 --- [fc2-live-automation] [main] o.s.b.w.embedded.tomcat.TomcatWebServer  : Tomcat initialized with port 8082 (http)
2026-04-19T20:17:47.636+09:00  INFO 38532 --- [fc2-live-automation] [main] o.apache.catalina.core.StandardService   : Starting service [Tomcat]
2026-04-19T20:17:47.637+09:00  INFO 38532 --- [fc2-live-automation] [main] o.apache.catalina.core.StandardEngine    : Starting Servlet engine: [Apache Tomcat/10.1.52]
2026-04-19T20:17:47.799+09:00  INFO 38532 --- [fc2-live-automation] [main] o.a.c.c.C.[Tomcat].[localhost].[/]       : Initializing Spring embedded WebApplicationContext
2026-04-19T20:17:47.800+09:00  INFO 38532 --- [fc2-live-automation] [main] w.s.c.ServletWebServerApplicationContext : Root WebApplicationContext: initialization completed in 2906 ms
2026-04-19T20:17:48.359+09:00  INFO 38532 --- [fc2-live-automation] [main] o.hibernate.jpa.internal.util.LogHelper  : HHH000204: Processing PersistenceUnitInfo [name: default]
2026-04-19T20:17:48.476+09:00  INFO 38532 --- [fc2-live-automation] [main] org.hibernate.Version                    : HHH000412: Hibernate ORM core version 6.6.44.Final
2026-04-19T20:17:48.542+09:00  INFO 38532 --- [fc2-live-automation] [main] o.h.c.internal.RegionFactoryInitiator    : HHH000026: Second-level cache disabled
2026-04-19T20:17:49.057+09:00  INFO 38532 --- [fc2-live-automation] [main] o.s.o.j.p.SpringPersistenceUnitInfo      : No LoadTimeWeaver setup: ignoring JPA class transformer
2026-04-19T20:17:49.127+09:00  INFO 38532 --- [fc2-live-automation] [main] com.zaxxer.hikari.HikariDataSource       : HikariPool-1 - Starting...
2026-04-19T20:17:49.511+09:00  INFO 38532 --- [fc2-live-automation] [main] com.zaxxer.hikari.pool.HikariPool        : HikariPool-1 - Added connection conn0: url=jdbc:h2:file:./data/fc2_automation_v2 user=SA
2026-04-19T20:17:49.515+09:00  INFO 38532 --- [fc2-live-automation] [main] com.zaxxer.hikari.HikariDataSource       : HikariPool-1 - Start completed.
2026-04-19T20:17:49.566+09:00  WARN 38532 --- [fc2-live-automation] [main] org.hibernate.orm.deprecation            : HHH90000025: H2Dialect does not need to be specified explicitly using 'hibernate.dialect' (remove the property setting and it will be selected by default)
2026-04-19T20:17:49.604+09:00  INFO 38532 --- [fc2-live-automation] [main] org.hibernate.orm.connections.pooling    : HHH10001005: Database info:
	Database JDBC URL [Connecting through datasource 'HikariDataSource (HikariPool-1)']
	Database driver: undefined/unknown
	Database version: 2.3.232
	Autocommit mode: undefined/unknown
	Isolation level: undefined/unknown
	Minimum pool size: undefined/unknown
	Maximum pool size: undefined/unknown
2026-04-19T20:17:50.562+09:00  INFO 38532 --- [fc2-live-automation] [main] o.h.e.t.j.p.i.JtaPlatformInitiator       : HHH000489: No JTA platform available (set 'hibernate.transaction.jta.platform' to enable JTA platform integration)
2026-04-19T20:17:50.635+09:00  INFO 38532 --- [fc2-live-automation] [main] j.LocalContainerEntityManagerFactoryBean : Initialized JPA EntityManagerFactory for persistence unit 'default'
2026-04-19T20:17:51.915+09:00  INFO 38532 --- [fc2-live-automation] [main] c.e.f.service.AutomationScheduler        : 🧹 起動時クリーンアップ: データベース上の「配信中(RUNNING)」ステータスをリセットします
2026-04-19T20:17:52.246+09:00  INFO 38532 --- [fc2-live-automation] [main] c.e.f.service.AutomationScheduler        : ✅ クリーンアップ完了: プリセット 0 件、アカウント 0 件を停止状態に戻しました
2026-04-19T20:17:52.316+09:00  WARN 38532 --- [fc2-live-automation] [main] JpaBaseConfiguration$JpaWebConfiguration : spring.jpa.open-in-view is enabled by default. Therefore, database queries may be performed during view rendering. Explicitly configure spring.jpa.open-in-view to disable this warning
2026-04-19T20:17:52.358+09:00  INFO 38532 --- [fc2-live-automation] [main] o.s.b.a.w.s.WelcomePageHandlerMapping    : Adding welcome page template: index
2026-04-19T20:17:53.629+09:00  INFO 38532 --- [fc2-live-automation] [main] o.s.b.a.e.web.EndpointLinksResolver      : Exposing 1 endpoint beneath base path '/actuator'
2026-04-19T20:17:53.795+09:00  INFO 38532 --- [fc2-live-automation] [main] o.s.b.w.embedded.tomcat.TomcatWebServer  : Tomcat started on port 8082 (http) with context path '/'
2026-04-19T20:17:53.824+09:00  INFO 38532 --- [fc2-live-automation] [main] c.e.f.Fc2LiveAutomationApplication       : Started Fc2LiveAutomationApplication in 9.507 seconds (process running for 10.274)
2026-04-19T20:17:54.372+09:00  INFO 38532 --- [fc2-live-automation] [http-nio-8082-exec-1] o.a.c.c.C.[Tomcat].[localhost].[/]       : Initializing Spring DispatcherServlet 'dispatcherServlet'
2026-04-19T20:17:54.374+09:00  INFO 38532 --- [fc2-live-automation] [http-nio-8082-exec-1] o.s.web.servlet.DispatcherServlet        : Initializing Servlet 'dispatcherServlet'
2026-04-19T20:17:54.377+09:00  INFO 38532 --- [fc2-live-automation] [http-nio-8082-exec-1] o.s.web.servlet.DispatcherServlet        : Completed initialization in 2 ms
2026-04-19T20:18:07.955+09:00  INFO 38532 --- [fc2-live-automation] [http-nio-8082-exec-3] c.e.f.service.Fc2AutomationWorker        : [Preset テストA] ▶️ プリセットの連続再生を開始します
2026-04-19T20:18:07.978+09:00  INFO 38532 --- [fc2-live-automation] [Thread-2] c.e.f.service.Fc2AutomationWorker        : [Preset テストA] 🎬 [すず] の配信準備を開始します
2026-04-19T20:18:19.354+09:00  INFO 38532 --- [fc2-live-automation] [Thread-2] c.e.f.service.Fc2AutomationWorker        : [Preset テストA] ✅ [すず] ログイン完了、設定画面へ移行
2026-04-19T20:18:21.360+09:00  INFO 38532 --- [fc2-live-automation] [Thread-2] c.e.f.service.Fc2AutomationWorker        : [Preset テストA] ⚠️ キャンペーンページを検知。オプトアウト処理を行います。
2026-04-19T20:18:37.565+09:00  INFO 38532 --- [fc2-live-automation] [Thread-2] c.e.f.service.Fc2AutomationWorker        : [Preset テストA] 🎥 [すず] FFmpegによる映像送信を開始しました
2026-04-19T20:18:52.972+09:00  INFO 38532 --- [fc2-live-automation] [Thread-2] c.e.f.service.Fc2AutomationWorker        : [Preset テストA] 🏁 [すず] 配信枠を終了しました
2026-04-19T20:18:52.976+09:00  INFO 38532 --- [fc2-live-automation] [Thread-2] c.e.f.service.Fc2AutomationWorker        : [Preset テストA] ❌ [すず] 試行失敗: Operation interrupted
2026-04-19T20:18:52.977+09:00  INFO 38532 --- [fc2-live-automation] [Thread-2] c.e.f.service.Fc2AutomationWorker        : [Preset テストA] ⏹ [すず] の処理を安全に中断しました
2026-04-19T20:18:53.000+09:00  INFO 38532 --- [fc2-live-automation] [Thread-2] c.e.f.service.Fc2AutomationWorker        : [Preset テストA] ⏹ プリセットの再生がすべて終了・停止しました
2026-04-19T20:21:46.797+09:00  INFO 44480 --- [fc2-live-automation] [main] c.e.f.Fc2LiveAutomationApplication       : Starting Fc2LiveAutomationApplication using Java 25.0.2 with PID 44480 (C:\Users\aikus\OneDrive\デスクトップ\作業\fc2-live-automation\target\classes started by aikus in C:\Users\aikus\OneDrive\デスクトップ\作業\fc2-live-automation)
2026-04-19T20:21:46.801+09:00  INFO 44480 --- [fc2-live-automation] [main] c.e.f.Fc2LiveAutomationApplication       : No active profile set, falling back to 1 default profile: "default"
2026-04-19T20:21:48.474+09:00  INFO 44480 --- [fc2-live-automation] [main] .s.d.r.c.RepositoryConfigurationDelegate : Bootstrapping Spring Data JPA repositories in DEFAULT mode.
2026-04-19T20:21:48.581+09:00  INFO 44480 --- [fc2-live-automation] [main] .s.d.r.c.RepositoryConfigurationDelegate : Finished Spring Data repository scanning in 88 ms. Found 2 JPA repository interfaces.
2026-04-19T20:21:49.453+09:00  INFO 44480 --- [fc2-live-automation] [main] o.s.b.w.embedded.tomcat.TomcatWebServer  : Tomcat initialized with port 8082 (http)
2026-04-19T20:21:49.495+09:00  INFO 44480 --- [fc2-live-automation] [main] o.apache.catalina.core.StandardService   : Starting service [Tomcat]
2026-04-19T20:21:49.497+09:00  INFO 44480 --- [fc2-live-automation] [main] o.apache.catalina.core.StandardEngine    : Starting Servlet engine: [Apache Tomcat/10.1.52]
2026-04-19T20:21:49.615+09:00  INFO 44480 --- [fc2-live-automation] [main] o.a.c.c.C.[Tomcat].[localhost].[/]       : Initializing Spring embedded WebApplicationContext
2026-04-19T20:21:49.617+09:00  INFO 44480 --- [fc2-live-automation] [main] w.s.c.ServletWebServerApplicationContext : Root WebApplicationContext: initialization completed in 2742 ms
2026-04-19T20:21:50.300+09:00  INFO 44480 --- [fc2-live-automation] [main] o.hibernate.jpa.internal.util.LogHelper  : HHH000204: Processing PersistenceUnitInfo [name: default]
2026-04-19T20:21:50.436+09:00  INFO 44480 --- [fc2-live-automation] [main] org.hibernate.Version                    : HHH000412: Hibernate ORM core version 6.6.44.Final
2026-04-19T20:21:50.523+09:00  INFO 44480 --- [fc2-live-automation] [main] o.h.c.internal.RegionFactoryInitiator    : HHH000026: Second-level cache disabled
2026-04-19T20:21:50.981+09:00  INFO 44480 --- [fc2-live-automation] [main] o.s.o.j.p.SpringPersistenceUnitInfo      : No LoadTimeWeaver setup: ignoring JPA class transformer
2026-04-19T20:21:51.045+09:00  INFO 44480 --- [fc2-live-automation] [main] com.zaxxer.hikari.HikariDataSource       : HikariPool-1 - Starting...
2026-04-19T20:21:51.548+09:00  INFO 44480 --- [fc2-live-automation] [main] com.zaxxer.hikari.pool.HikariPool        : HikariPool-1 - Added connection conn0: url=jdbc:h2:file:./data/fc2_automation_v2 user=SA
2026-04-19T20:21:51.554+09:00  INFO 44480 --- [fc2-live-automation] [main] com.zaxxer.hikari.HikariDataSource       : HikariPool-1 - Start completed.
2026-04-19T20:21:51.609+09:00  WARN 44480 --- [fc2-live-automation] [main] org.hibernate.orm.deprecation            : HHH90000025: H2Dialect does not need to be specified explicitly using 'hibernate.dialect' (remove the property setting and it will be selected by default)
2026-04-19T20:21:51.653+09:00  INFO 44480 --- [fc2-live-automation] [main] org.hibernate.orm.connections.pooling    : HHH10001005: Database info:
	Database JDBC URL [Connecting through datasource 'HikariDataSource (HikariPool-1)']
	Database driver: undefined/unknown
	Database version: 2.3.232
	Autocommit mode: undefined/unknown
	Isolation level: undefined/unknown
	Minimum pool size: undefined/unknown
	Maximum pool size: undefined/unknown
2026-04-19T20:21:52.601+09:00  INFO 44480 --- [fc2-live-automation] [main] o.h.e.t.j.p.i.JtaPlatformInitiator       : HHH000489: No JTA platform available (set 'hibernate.transaction.jta.platform' to enable JTA platform integration)
2026-04-19T20:21:52.667+09:00  INFO 44480 --- [fc2-live-automation] [main] j.LocalContainerEntityManagerFactoryBean : Initialized JPA EntityManagerFactory for persistence unit 'default'
2026-04-19T20:21:53.433+09:00  INFO 44480 --- [fc2-live-automation] [main] c.e.f.service.AutomationScheduler        : 🧹 起動時クリーンアップ: データベース上の「配信中(RUNNING)」ステータスをリセットします
2026-04-19T20:21:53.636+09:00  INFO 44480 --- [fc2-live-automation] [main] c.e.f.service.AutomationScheduler        : ✅ クリーンアップ完了: プリセット 0 件、アカウント 0 件を停止状態に戻しました
2026-04-19T20:21:53.729+09:00  WARN 44480 --- [fc2-live-automation] [main] JpaBaseConfiguration$JpaWebConfiguration : spring.jpa.open-in-view is enabled by default. Therefore, database queries may be performed during view rendering. Explicitly configure spring.jpa.open-in-view to disable this warning
2026-04-19T20:21:53.783+09:00  INFO 44480 --- [fc2-live-automation] [main] o.s.b.a.w.s.WelcomePageHandlerMapping    : Adding welcome page template: index
2026-04-19T20:21:55.058+09:00  INFO 44480 --- [fc2-live-automation] [main] o.s.b.a.e.web.EndpointLinksResolver      : Exposing 1 endpoint beneath base path '/actuator'
2026-04-19T20:21:55.213+09:00  INFO 44480 --- [fc2-live-automation] [main] o.s.b.w.embedded.tomcat.TomcatWebServer  : Tomcat started on port 8082 (http) with context path '/'
2026-04-19T20:21:55.240+09:00  INFO 44480 --- [fc2-live-automation] [main] c.e.f.Fc2LiveAutomationApplication       : Started Fc2LiveAutomationApplication in 8.931 seconds (process running for 9.65)
2026-04-19T20:21:55.939+09:00  INFO 44480 --- [fc2-live-automation] [http-nio-8082-exec-1] o.a.c.c.C.[Tomcat].[localhost].[/]       : Initializing Spring DispatcherServlet 'dispatcherServlet'
2026-04-19T20:21:55.941+09:00  INFO 44480 --- [fc2-live-automation] [http-nio-8082-exec-1] o.s.web.servlet.DispatcherServlet        : Initializing Servlet 'dispatcherServlet'
2026-04-19T20:21:55.950+09:00  INFO 44480 --- [fc2-live-automation] [http-nio-8082-exec-1] o.s.web.servlet.DispatcherServlet        : Completed initialization in 6 ms
2026-04-19T20:22:45.864+09:00  INFO 44480 --- [fc2-live-automation] [http-nio-8082-exec-10] c.e.f.service.Fc2AutomationWorker        : [Preset テストA] ▶️ プリセットの連続再生を開始します
2026-04-19T20:22:45.885+09:00  INFO 44480 --- [fc2-live-automation] [Thread-2] c.e.f.service.Fc2AutomationWorker        : [Preset テストA] 🎬 [すず] の配信準備を開始します
2026-04-19T20:22:57.492+09:00  INFO 44480 --- [fc2-live-automation] [Thread-2] c.e.f.service.Fc2AutomationWorker        : [Preset テストA] ✅ [すず] ログイン完了、設定画面へ移行
2026-04-19T20:22:59.495+09:00  INFO 44480 --- [fc2-live-automation] [Thread-2] c.e.f.service.Fc2AutomationWorker        : [Preset テストA] ⚠️ キャンペーンページを検知。オプトアウト処理を行います。
2026-04-19T20:23:15.797+09:00  INFO 44480 --- [fc2-live-automation] [Thread-2] c.e.f.service.Fc2AutomationWorker        : [Preset テストA] 🎥 [すず] FFmpegによる映像送信を開始しました
2026-04-19T20:23:22.424+09:00  INFO 44480 --- [fc2-live-automation] [Thread-2] c.e.f.service.Fc2AutomationWorker        : [Preset テストA] 🏁 [すず] 配信枠を終了しました
2026-04-19T20:23:22.437+09:00  INFO 44480 --- [fc2-live-automation] [Thread-2] c.e.f.service.Fc2AutomationWorker        : [Preset テストA] ⏹ プリセットの再生がすべて終了・停止しました
2026-04-19T22:44:31.362+09:00  INFO 25372 --- [fc2-live-automation] [main] c.e.f.Fc2LiveAutomationApplication       : Starting Fc2LiveAutomationApplication using Java 25.0.2 with PID 25372 (C:\Users\aikus\OneDrive\デスクトップ\作業\fc2-live-automation\target\classes started by aikus in C:\Users\aikus\OneDrive\デスクトップ\作業\fc2-live-automation)
2026-04-19T22:44:31.366+09:00  INFO 25372 --- [fc2-live-automation] [main] c.e.f.Fc2LiveAutomationApplication       : No active profile set, falling back to 1 default profile: "default"
2026-04-19T22:44:32.963+09:00  INFO 25372 --- [fc2-live-automation] [main] .s.d.r.c.RepositoryConfigurationDelegate : Bootstrapping Spring Data JPA repositories in DEFAULT mode.
2026-04-19T22:44:33.042+09:00  INFO 25372 --- [fc2-live-automation] [main] .s.d.r.c.RepositoryConfigurationDelegate : Finished Spring Data repository scanning in 61 ms. Found 2 JPA repository interfaces.
2026-04-19T22:44:34.070+09:00  INFO 25372 --- [fc2-live-automation] [main] o.s.b.w.embedded.tomcat.TomcatWebServer  : Tomcat initialized with port 8082 (http)
2026-04-19T22:44:34.097+09:00  INFO 25372 --- [fc2-live-automation] [main] o.apache.catalina.core.StandardService   : Starting service [Tomcat]
2026-04-19T22:44:34.098+09:00  INFO 25372 --- [fc2-live-automation] [main] o.apache.catalina.core.StandardEngine    : Starting Servlet engine: [Apache Tomcat/10.1.52]
2026-04-19T22:44:34.239+09:00  INFO 25372 --- [fc2-live-automation] [main] o.a.c.c.C.[Tomcat].[localhost].[/]       : Initializing Spring embedded WebApplicationContext
2026-04-19T22:44:34.240+09:00  INFO 25372 --- [fc2-live-automation] [main] w.s.c.ServletWebServerApplicationContext : Root WebApplicationContext: initialization completed in 2785 ms
2026-04-19T22:44:34.815+09:00  INFO 25372 --- [fc2-live-automation] [main] o.hibernate.jpa.internal.util.LogHelper  : HHH000204: Processing PersistenceUnitInfo [name: default]
2026-04-19T22:44:34.905+09:00  INFO 25372 --- [fc2-live-automation] [main] org.hibernate.Version                    : HHH000412: Hibernate ORM core version 6.6.44.Final
2026-04-19T22:44:34.989+09:00  INFO 25372 --- [fc2-live-automation] [main] o.h.c.internal.RegionFactoryInitiator    : HHH000026: Second-level cache disabled
2026-04-19T22:44:35.329+09:00  INFO 25372 --- [fc2-live-automation] [main] o.s.o.j.p.SpringPersistenceUnitInfo      : No LoadTimeWeaver setup: ignoring JPA class transformer
2026-04-19T22:44:35.378+09:00  INFO 25372 --- [fc2-live-automation] [main] com.zaxxer.hikari.HikariDataSource       : HikariPool-1 - Starting...
2026-04-19T22:44:35.668+09:00  INFO 25372 --- [fc2-live-automation] [main] com.zaxxer.hikari.pool.HikariPool        : HikariPool-1 - Added connection conn0: url=jdbc:h2:file:./data/fc2_automation_v2 user=SA
2026-04-19T22:44:35.669+09:00  INFO 25372 --- [fc2-live-automation] [main] com.zaxxer.hikari.HikariDataSource       : HikariPool-1 - Start completed.
2026-04-19T22:44:35.702+09:00  WARN 25372 --- [fc2-live-automation] [main] org.hibernate.orm.deprecation            : HHH90000025: H2Dialect does not need to be specified explicitly using 'hibernate.dialect' (remove the property setting and it will be selected by default)
2026-04-19T22:44:35.724+09:00  INFO 25372 --- [fc2-live-automation] [main] org.hibernate.orm.connections.pooling    : HHH10001005: Database info:
	Database JDBC URL [Connecting through datasource 'HikariDataSource (HikariPool-1)']
	Database driver: undefined/unknown
	Database version: 2.3.232
	Autocommit mode: undefined/unknown
	Isolation level: undefined/unknown
	Minimum pool size: undefined/unknown
	Maximum pool size: undefined/unknown
2026-04-19T22:44:36.576+09:00  INFO 25372 --- [fc2-live-automation] [main] o.h.e.t.j.p.i.JtaPlatformInitiator       : HHH000489: No JTA platform available (set 'hibernate.transaction.jta.platform' to enable JTA platform integration)
2026-04-19T22:44:36.641+09:00  INFO 25372 --- [fc2-live-automation] [main] j.LocalContainerEntityManagerFactoryBean : Initialized JPA EntityManagerFactory for persistence unit 'default'
2026-04-19T22:44:37.424+09:00  INFO 25372 --- [fc2-live-automation] [main] c.e.f.service.AutomationScheduler        : 🧹 起動時クリーンアップ: データベース上の「配信中(RUNNING)」ステータスをリセットします
2026-04-19T22:44:37.620+09:00  INFO 25372 --- [fc2-live-automation] [main] c.e.f.service.AutomationScheduler        : ✅ クリーンアップ完了: プリセット 0 件、アカウント 0 件を停止状態に戻しました
2026-04-19T22:44:37.680+09:00  WARN 25372 --- [fc2-live-automation] [main] JpaBaseConfiguration$JpaWebConfiguration : spring.jpa.open-in-view is enabled by default. Therefore, database queries may be performed during view rendering. Explicitly configure spring.jpa.open-in-view to disable this warning
2026-04-19T22:44:37.714+09:00  INFO 25372 --- [fc2-live-automation] [main] o.s.b.a.w.s.WelcomePageHandlerMapping    : Adding welcome page template: index
2026-04-19T22:44:38.812+09:00  INFO 25372 --- [fc2-live-automation] [main] o.s.b.a.e.web.EndpointLinksResolver      : Exposing 1 endpoint beneath base path '/actuator'
2026-04-19T22:44:38.917+09:00  INFO 25372 --- [fc2-live-automation] [main] o.s.b.w.embedded.tomcat.TomcatWebServer  : Tomcat started on port 8082 (http) with context path '/'
2026-04-19T22:44:38.939+09:00  INFO 25372 --- [fc2-live-automation] [main] c.e.f.Fc2LiveAutomationApplication       : Started Fc2LiveAutomationApplication in 8.354 seconds (process running for 9.312)
2026-04-19T22:44:39.442+09:00  INFO 25372 --- [fc2-live-automation] [http-nio-8082-exec-1] o.a.c.c.C.[Tomcat].[localhost].[/]       : Initializing Spring DispatcherServlet 'dispatcherServlet'
2026-04-19T22:44:39.444+09:00  INFO 25372 --- [fc2-live-automation] [http-nio-8082-exec-1] o.s.web.servlet.DispatcherServlet        : Initializing Servlet 'dispatcherServlet'
2026-04-19T22:44:39.447+09:00  INFO 25372 --- [fc2-live-automation] [http-nio-8082-exec-1] o.s.web.servlet.DispatcherServlet        : Completed initialization in 2 ms
2026-04-19T22:44:57.653+09:00  INFO 25372 --- [fc2-live-automation] [http-nio-8082-exec-5] c.e.f.service.Fc2AutomationWorker        : [Preset テストA] ▶️ プリセットの連続再生を開始します
2026-04-19T22:44:57.675+09:00  INFO 25372 --- [fc2-live-automation] [Thread-2] c.e.f.service.Fc2AutomationWorker        : [Preset テストA] 🎬 [すず] の配信準備を開始します
2026-04-19T22:45:08.686+09:00  INFO 25372 --- [fc2-live-automation] [Thread-2] c.e.f.service.Fc2AutomationWorker        : [Preset テストA] ✅ [すず] ログイン完了、設定画面へ移行
2026-04-19T22:45:10.690+09:00  INFO 25372 --- [fc2-live-automation] [Thread-2] c.e.f.service.Fc2AutomationWorker        : [Preset テストA] ⚠️ キャンペーンページを検知。オプトアウト処理を行います。
2026-04-19T22:45:28.612+09:00  INFO 25372 --- [fc2-live-automation] [Thread-2] c.e.f.service.Fc2AutomationWorker        : [Preset テストA] 🎥 [すず] FFmpegによる映像送信を開始しました
2026-04-19T22:45:31.615+09:00  INFO 25372 --- [fc2-live-automation] [Thread-2] c.e.f.service.Fc2AutomationWorker        : [Preset テストA] ⏳ 映像の反映を待機します（最大 30秒 / 試行 1回目）...
2026-04-19T22:45:42.571+09:00  INFO 25372 --- [fc2-live-automation] [Thread-2] c.e.f.service.Fc2AutomationWorker        : [Preset テストA] 🏁 [すず] 配信枠を終了しました
2026-04-19T22:45:42.572+09:00  INFO 25372 --- [fc2-live-automation] [Thread-2] c.e.f.service.Fc2AutomationWorker        : [Preset テストA] ⏹ [すず] の処理を安全に中断しました
2026-04-19T22:45:42.584+09:00  INFO 25372 --- [fc2-live-automation] [Thread-2] c.e.f.service.Fc2AutomationWorker        : [Preset テストA] ⏹ プリセットの再生がすべて終了・停止しました
2026-04-19T23:19:35.419+09:00  INFO 6248 --- [fc2-live-automation] [main] c.e.f.Fc2LiveAutomationApplication       : Starting Fc2LiveAutomationApplication using Java 25.0.2 with PID 6248 (C:\Users\aikus\OneDrive\デスクトップ\作業\fc2-live-automation\target\classes started by aikus in C:\Users\aikus\OneDrive\デスクトップ\作業\fc2-live-automation)
2026-04-19T23:19:35.423+09:00  INFO 6248 --- [fc2-live-automation] [main] c.e.f.Fc2LiveAutomationApplication       : No active profile set, falling back to 1 default profile: "default"
2026-04-19T23:19:36.954+09:00  INFO 6248 --- [fc2-live-automation] [main] .s.d.r.c.RepositoryConfigurationDelegate : Bootstrapping Spring Data JPA repositories in DEFAULT mode.
2026-04-19T23:19:37.055+09:00  INFO 6248 --- [fc2-live-automation] [main] .s.d.r.c.RepositoryConfigurationDelegate : Finished Spring Data repository scanning in 79 ms. Found 2 JPA repository interfaces.
2026-04-19T23:19:37.905+09:00  INFO 6248 --- [fc2-live-automation] [main] o.s.b.w.embedded.tomcat.TomcatWebServer  : Tomcat initialized with port 8082 (http)
2026-04-19T23:19:37.921+09:00  INFO 6248 --- [fc2-live-automation] [main] o.apache.catalina.core.StandardService   : Starting service [Tomcat]
2026-04-19T23:19:37.922+09:00  INFO 6248 --- [fc2-live-automation] [main] o.apache.catalina.core.StandardEngine    : Starting Servlet engine: [Apache Tomcat/10.1.52]
2026-04-19T23:19:38.025+09:00  INFO 6248 --- [fc2-live-automation] [main] o.a.c.c.C.[Tomcat].[localhost].[/]       : Initializing Spring embedded WebApplicationContext
2026-04-19T23:19:38.049+09:00  INFO 6248 --- [fc2-live-automation] [main] w.s.c.ServletWebServerApplicationContext : Root WebApplicationContext: initialization completed in 2561 ms
2026-04-19T23:19:38.747+09:00  INFO 6248 --- [fc2-live-automation] [main] o.hibernate.jpa.internal.util.LogHelper  : HHH000204: Processing PersistenceUnitInfo [name: default]
2026-04-19T23:19:38.869+09:00  INFO 6248 --- [fc2-live-automation] [main] org.hibernate.Version                    : HHH000412: Hibernate ORM core version 6.6.44.Final
2026-04-19T23:19:38.988+09:00  INFO 6248 --- [fc2-live-automation] [main] o.h.c.internal.RegionFactoryInitiator    : HHH000026: Second-level cache disabled
2026-04-19T23:19:39.615+09:00  INFO 6248 --- [fc2-live-automation] [main] o.s.o.j.p.SpringPersistenceUnitInfo      : No LoadTimeWeaver setup: ignoring JPA class transformer
2026-04-19T23:19:39.714+09:00  INFO 6248 --- [fc2-live-automation] [main] com.zaxxer.hikari.HikariDataSource       : HikariPool-1 - Starting...
2026-04-19T23:19:40.143+09:00  INFO 6248 --- [fc2-live-automation] [main] com.zaxxer.hikari.pool.HikariPool        : HikariPool-1 - Added connection conn0: url=jdbc:h2:file:./data/fc2_automation_v2 user=SA
2026-04-19T23:19:40.150+09:00  INFO 6248 --- [fc2-live-automation] [main] com.zaxxer.hikari.HikariDataSource       : HikariPool-1 - Start completed.
2026-04-19T23:19:40.190+09:00  WARN 6248 --- [fc2-live-automation] [main] org.hibernate.orm.deprecation            : HHH90000025: H2Dialect does not need to be specified explicitly using 'hibernate.dialect' (remove the property setting and it will be selected by default)
2026-04-19T23:19:40.222+09:00  INFO 6248 --- [fc2-live-automation] [main] org.hibernate.orm.connections.pooling    : HHH10001005: Database info:
	Database JDBC URL [Connecting through datasource 'HikariDataSource (HikariPool-1)']
	Database driver: undefined/unknown
	Database version: 2.3.232
	Autocommit mode: undefined/unknown
	Isolation level: undefined/unknown
	Minimum pool size: undefined/unknown
	Maximum pool size: undefined/unknown
2026-04-19T23:19:41.387+09:00  INFO 6248 --- [fc2-live-automation] [main] o.h.e.t.j.p.i.JtaPlatformInitiator       : HHH000489: No JTA platform available (set 'hibernate.transaction.jta.platform' to enable JTA platform integration)
2026-04-19T23:19:41.470+09:00  INFO 6248 --- [fc2-live-automation] [main] j.LocalContainerEntityManagerFactoryBean : Initialized JPA EntityManagerFactory for persistence unit 'default'
2026-04-19T23:19:42.170+09:00  INFO 6248 --- [fc2-live-automation] [main] c.e.f.service.AutomationScheduler        : 🧹 起動時クリーンアップ: データベース上の「配信中(RUNNING)」ステータスをリセットします
2026-04-19T23:19:42.353+09:00  INFO 6248 --- [fc2-live-automation] [main] c.e.f.service.AutomationScheduler        : ✅ クリーンアップ完了: プリセット 0 件、アカウント 0 件を停止状態に戻しました
2026-04-19T23:19:42.401+09:00  WARN 6248 --- [fc2-live-automation] [main] JpaBaseConfiguration$JpaWebConfiguration : spring.jpa.open-in-view is enabled by default. Therefore, database queries may be performed during view rendering. Explicitly configure spring.jpa.open-in-view to disable this warning
2026-04-19T23:19:42.438+09:00  INFO 6248 --- [fc2-live-automation] [main] o.s.b.a.w.s.WelcomePageHandlerMapping    : Adding welcome page template: index
2026-04-19T23:19:43.275+09:00  INFO 6248 --- [fc2-live-automation] [main] o.s.b.a.e.web.EndpointLinksResolver      : Exposing 1 endpoint beneath base path '/actuator'
2026-04-19T23:19:43.361+09:00  INFO 6248 --- [fc2-live-automation] [main] o.s.b.w.embedded.tomcat.TomcatWebServer  : Tomcat started on port 8082 (http) with context path '/'
2026-04-19T23:19:43.377+09:00  INFO 6248 --- [fc2-live-automation] [main] c.e.f.Fc2LiveAutomationApplication       : Started Fc2LiveAutomationApplication in 8.45 seconds (process running for 9.219)
2026-04-19T23:19:43.828+09:00  INFO 6248 --- [fc2-live-automation] [http-nio-8082-exec-1] o.a.c.c.C.[Tomcat].[localhost].[/]       : Initializing Spring DispatcherServlet 'dispatcherServlet'
2026-04-19T23:19:43.829+09:00  INFO 6248 --- [fc2-live-automation] [http-nio-8082-exec-1] o.s.web.servlet.DispatcherServlet        : Initializing Servlet 'dispatcherServlet'
2026-04-19T23:19:43.831+09:00  INFO 6248 --- [fc2-live-automation] [http-nio-8082-exec-1] o.s.web.servlet.DispatcherServlet        : Completed initialization in 0 ms
2026-04-19T23:20:04.843+09:00  INFO 6248 --- [fc2-live-automation] [http-nio-8082-exec-5] c.e.f.service.Fc2AutomationWorker        : [Preset テストリスト] ▶️ プリセットの連続再生を開始します
2026-04-19T23:20:04.862+09:00  INFO 6248 --- [fc2-live-automation] [Thread-2] c.e.f.service.Fc2AutomationWorker        : [Preset テストリスト] 🎬 [out] の配信準備を開始します
2026-04-19T23:20:15.669+09:00  INFO 6248 --- [fc2-live-automation] [Thread-2] c.e.f.service.Fc2AutomationWorker        : [Preset テストリスト] ✅ [out] ログイン完了、設定画面へ移行
2026-04-19T23:20:17.683+09:00  INFO 6248 --- [fc2-live-automation] [Thread-2] c.e.f.service.Fc2AutomationWorker        : [Preset テストリスト] ⚠️ キャンペーンページを検知。オプトアウト処理を行います。
2026-04-19T23:20:33.802+09:00  INFO 6248 --- [fc2-live-automation] [Thread-2] c.e.f.service.Fc2AutomationWorker        : [Preset テストリスト] 🏁 [out] 配信枠を終了しました
2026-04-19T23:20:33.803+09:00  INFO 6248 --- [fc2-live-automation] [Thread-2] c.e.f.service.Fc2AutomationWorker        : [Preset テストリスト] ❌ [out] 試行失敗: 配信画面の読み込みに失敗しました
2026-04-19T23:20:47.274+09:00  INFO 6248 --- [fc2-live-automation] [Thread-2] c.e.f.service.Fc2AutomationWorker        : [Preset テストリスト] ✅ [out] ログイン完了、設定画面へ移行
2026-04-19T23:20:49.293+09:00  INFO 6248 --- [fc2-live-automation] [Thread-2] c.e.f.service.Fc2AutomationWorker        : [Preset テストリスト] ⚠️ キャンペーンページを検知。オプトアウト処理を行います。
2026-04-19T23:21:05.966+09:00  INFO 6248 --- [fc2-live-automation] [Thread-2] c.e.f.service.Fc2AutomationWorker        : [Preset テストリスト] 🏁 [out] 配信枠を終了しました
2026-04-19T23:21:05.973+09:00  INFO 6248 --- [fc2-live-automation] [Thread-2] c.e.f.service.Fc2AutomationWorker        : [Preset テストリスト] ❌ [out] 試行失敗: 配信画面の読み込みに失敗しました
2026-04-19T23:21:20.131+09:00  INFO 6248 --- [fc2-live-automation] [Thread-2] c.e.f.service.Fc2AutomationWorker        : [Preset テストリスト] ✅ [out] ログイン完了、設定画面へ移行
2026-04-19T23:21:22.143+09:00  INFO 6248 --- [fc2-live-automation] [Thread-2] c.e.f.service.Fc2AutomationWorker        : [Preset テストリスト] ⚠️ キャンペーンページを検知。オプトアウト処理を行います。
2026-04-19T23:21:22.254+09:00  INFO 6248 --- [fc2-live-automation] [Thread-2] c.e.f.service.Fc2AutomationWorker        : [Preset テストリスト] 🏁 [out] 配信枠を終了しました
2026-04-19T23:21:22.257+09:00  INFO 6248 --- [fc2-live-automation] [Thread-2] c.e.f.service.Fc2AutomationWorker        : [Preset テストリスト] ⏹ [out] の処理を安全に中断しました
2026-04-19T23:21:22.270+09:00  INFO 6248 --- [fc2-live-automation] [Thread-2] c.e.f.service.Fc2AutomationWorker        : [Preset テストリスト] ⏹ プリセットの再生がすべて終了・停止しました
2026-04-19T23:21:44.453+09:00  INFO 6248 --- [fc2-live-automation] [http-nio-8082-exec-10] c.e.f.service.Fc2AutomationWorker        : [Preset テストリスト] ▶️ プリセットの連続再生を開始します
2026-04-19T23:21:44.458+09:00  INFO 6248 --- [fc2-live-automation] [Thread-9] c.e.f.service.Fc2AutomationWorker        : [Preset テストリスト] 🎬 [テスト] の配信準備を開始します
2026-04-19T23:21:53.429+09:00  INFO 6248 --- [fc2-live-automation] [Thread-9] c.e.f.service.Fc2AutomationWorker        : [Preset テストリスト] ✅ [テスト] ログイン完了、設定画面へ移行
2026-04-19T23:21:55.439+09:00  INFO 6248 --- [fc2-live-automation] [Thread-9] c.e.f.service.Fc2AutomationWorker        : [Preset テストリスト] ⚠️ キャンペーンページを検知。オプトアウト処理を行います。
2026-04-19T23:22:11.149+09:00  INFO 6248 --- [fc2-live-automation] [Thread-9] c.e.f.service.Fc2AutomationWorker        : [Preset テストリスト] 🎥 [テスト] FFmpegによる映像送信を開始しました
2026-04-19T23:23:11.205+09:00  INFO 6248 --- [fc2-live-automation] [Thread-9] c.e.f.service.Fc2AutomationWorker        : [Preset テストリスト] ⏳ 映像の反映を待機します（最大 30秒 / 試行 1回目）...
2026-04-19T23:23:16.885+09:00  INFO 6248 --- [fc2-live-automation] [Thread-9] c.e.f.service.Fc2AutomationWorker        : [Preset テストリスト] 🏁 [テスト] 配信枠を終了しました
2026-04-19T23:23:16.900+09:00  INFO 6248 --- [fc2-live-automation] [Thread-9] c.e.f.service.Fc2AutomationWorker        : [Preset テストリスト] 🎬 [out] の配信準備を開始します
2026-04-19T23:23:25.285+09:00  INFO 6248 --- [fc2-live-automation] [Thread-9] c.e.f.service.Fc2AutomationWorker        : [Preset テストリスト] ✅ [out] ログイン完了、設定画面へ移行
2026-04-19T23:23:27.286+09:00  INFO 6248 --- [fc2-live-automation] [Thread-9] c.e.f.service.Fc2AutomationWorker        : [Preset テストリスト] ⚠️ キャンペーンページを検知。オプトアウト処理を行います。
2026-04-19T23:23:43.310+09:00  INFO 6248 --- [fc2-live-automation] [Thread-9] c.e.f.service.Fc2AutomationWorker        : [Preset テストリスト] 🏁 [out] 配信枠を終了しました
2026-04-19T23:23:43.311+09:00  INFO 6248 --- [fc2-live-automation] [Thread-9] c.e.f.service.Fc2AutomationWorker        : [Preset テストリスト] ❌ [out] 試行失敗: 配信画面の読み込みに失敗しました
2026-04-19T23:23:56.546+09:00  INFO 6248 --- [fc2-live-automation] [Thread-9] c.e.f.service.Fc2AutomationWorker        : [Preset テストリスト] ✅ [out] ログイン完了、設定画面へ移行
2026-04-19T23:23:58.563+09:00  INFO 6248 --- [fc2-live-automation] [Thread-9] c.e.f.service.Fc2AutomationWorker        : [Preset テストリスト] ⚠️ キャンペーンページを検知。オプトアウト処理を行います。
2026-04-19T23:24:14.676+09:00  INFO 6248 --- [fc2-live-automation] [Thread-9] c.e.f.service.Fc2AutomationWorker        : [Preset テストリスト] 🏁 [out] 配信枠を終了しました
2026-04-19T23:24:14.677+09:00  INFO 6248 --- [fc2-live-automation] [Thread-9] c.e.f.service.Fc2AutomationWorker        : [Preset テストリスト] ❌ [out] 試行失敗: 配信画面の読み込みに失敗しました
2026-04-19T23:24:28.329+09:00  INFO 6248 --- [fc2-live-automation] [Thread-9] c.e.f.service.Fc2AutomationWorker        : [Preset テストリスト] ✅ [out] ログイン完了、設定画面へ移行
2026-04-19T23:24:30.334+09:00  INFO 6248 --- [fc2-live-automation] [Thread-9] c.e.f.service.Fc2AutomationWorker        : [Preset テストリスト] ⚠️ キャンペーンページを検知。オプトアウト処理を行います。
2026-04-19T23:24:31.941+09:00  INFO 6248 --- [fc2-live-automation] [Thread-9] c.e.f.service.Fc2AutomationWorker        : [Preset テストリスト] 🏁 [out] 配信枠を終了しました
2026-04-19T23:24:31.942+09:00  INFO 6248 --- [fc2-live-automation] [Thread-9] c.e.f.service.Fc2AutomationWorker        : [Preset テストリスト] ⏹ [out] の処理を安全に中断しました
2026-04-19T23:24:31.952+09:00  INFO 6248 --- [fc2-live-automation] [Thread-9] c.e.f.service.Fc2AutomationWorker        : [Preset テストリスト] ⏹ プリセットの再生がすべて終了・停止しました
2026-04-19T23:24:33.328+09:00  INFO 6248 --- [fc2-live-automation] [http-nio-8082-exec-10] c.e.f.service.Fc2AutomationWorker        : [Preset テストリスト] ▶️ プリセットの連続再生を開始します
2026-04-19T23:24:33.337+09:00  INFO 6248 --- [fc2-live-automation] [Thread-18] c.e.f.service.Fc2AutomationWorker        : [Preset テストリスト] 🎬 [テスト] の配信準備を開始します
2026-04-19T23:24:41.980+09:00  INFO 6248 --- [fc2-live-automation] [Thread-18] c.e.f.service.Fc2AutomationWorker        : [Preset テストリスト] ✅ [テスト] ログイン完了、設定画面へ移行
2026-04-19T23:24:43.986+09:00  INFO 6248 --- [fc2-live-automation] [Thread-18] c.e.f.service.Fc2AutomationWorker        : [Preset テストリスト] ⚠️ キャンペーンページを検知。オプトアウト処理を行います。
2026-04-19T23:24:59.451+09:00  INFO 6248 --- [fc2-live-automation] [Thread-18] c.e.f.service.Fc2AutomationWorker        : [Preset テストリスト] 🎥 [テスト] FFmpegによる映像送信を開始しました
2026-04-19T23:25:59.587+09:00  INFO 6248 --- [fc2-live-automation] [Thread-18] c.e.f.service.Fc2AutomationWorker        : [Preset テストリスト] ⏳ 映像の反映を待機します（最大 30秒 / 試行 1回目）...
2026-04-19T23:26:03.060+09:00  INFO 6248 --- [fc2-live-automation] [Thread-18] c.e.f.service.Fc2AutomationWorker        : [Preset テストリスト] 🏁 [テスト] 配信枠を終了しました
2026-04-19T23:26:03.069+09:00  INFO 6248 --- [fc2-live-automation] [Thread-18] c.e.f.service.Fc2AutomationWorker        : [Preset テストリスト] 🎬 [out] の配信準備を開始します
2026-04-19T23:26:09.615+09:00  INFO 6248 --- [fc2-live-automation] [Thread-18] c.e.f.service.Fc2AutomationWorker        : [Preset テストリスト] 🏁 [out] 配信枠を終了しました
2026-04-19T23:26:09.624+09:00  INFO 6248 --- [fc2-live-automation] [Thread-18] c.e.f.service.Fc2AutomationWorker        : [Preset テストリスト] ⏹ [out] の処理を安全に中断しました
2026-04-19T23:26:09.677+09:00  INFO 6248 --- [fc2-live-automation] [Thread-18] c.e.f.service.Fc2AutomationWorker        : [Preset テストリスト] ⏹ プリセットの再生がすべて終了・停止しました
2026-04-19T23:27:32.593+09:00  INFO 27024 --- [fc2-live-automation] [main] c.e.f.Fc2LiveAutomationApplication       : Starting Fc2LiveAutomationApplication using Java 25.0.2 with PID 27024 (C:\Users\aikus\OneDrive\デスクトップ\作業\fc2-live-automation\target\classes started by aikus in C:\Users\aikus\OneDrive\デスクトップ\作業\fc2-live-automation)
2026-04-19T23:27:32.596+09:00  INFO 27024 --- [fc2-live-automation] [main] c.e.f.Fc2LiveAutomationApplication       : No active profile set, falling back to 1 default profile: "default"
2026-04-19T23:28:25.120+09:00  INFO 5124 --- [fc2-live-automation] [main] c.e.f.Fc2LiveAutomationApplication       : Starting Fc2LiveAutomationApplication using Java 25.0.2 with PID 5124 (C:\Users\aikus\OneDrive\デスクトップ\作業\fc2-live-automation\target\classes started by aikus in C:\Users\aikus\OneDrive\デスクトップ\作業\fc2-live-automation)
2026-04-19T23:28:25.123+09:00  INFO 5124 --- [fc2-live-automation] [main] c.e.f.Fc2LiveAutomationApplication       : No active profile set, falling back to 1 default profile: "default"
2026-04-19T23:28:26.493+09:00  INFO 5124 --- [fc2-live-automation] [main] .s.d.r.c.RepositoryConfigurationDelegate : Bootstrapping Spring Data JPA repositories in DEFAULT mode.
2026-04-19T23:28:26.572+09:00  INFO 5124 --- [fc2-live-automation] [main] .s.d.r.c.RepositoryConfigurationDelegate : Finished Spring Data repository scanning in 69 ms. Found 2 JPA repository interfaces.
2026-04-19T23:28:27.301+09:00  INFO 5124 --- [fc2-live-automation] [main] o.s.b.w.embedded.tomcat.TomcatWebServer  : Tomcat initialized with port 8082 (http)
2026-04-19T23:28:27.322+09:00  INFO 5124 --- [fc2-live-automation] [main] o.apache.catalina.core.StandardService   : Starting service [Tomcat]
2026-04-19T23:28:27.323+09:00  INFO 5124 --- [fc2-live-automation] [main] o.apache.catalina.core.StandardEngine    : Starting Servlet engine: [Apache Tomcat/10.1.52]
2026-04-19T23:28:27.423+09:00  INFO 5124 --- [fc2-live-automation] [main] o.a.c.c.C.[Tomcat].[localhost].[/]       : Initializing Spring embedded WebApplicationContext
2026-04-19T23:28:27.424+09:00  INFO 5124 --- [fc2-live-automation] [main] w.s.c.ServletWebServerApplicationContext : Root WebApplicationContext: initialization completed in 2236 ms
2026-04-19T23:28:27.817+09:00  INFO 5124 --- [fc2-live-automation] [main] o.hibernate.jpa.internal.util.LogHelper  : HHH000204: Processing PersistenceUnitInfo [name: default]
2026-04-19T23:28:27.872+09:00  INFO 5124 --- [fc2-live-automation] [main] org.hibernate.Version                    : HHH000412: Hibernate ORM core version 6.6.44.Final
2026-04-19T23:28:27.929+09:00  INFO 5124 --- [fc2-live-automation] [main] o.h.c.internal.RegionFactoryInitiator    : HHH000026: Second-level cache disabled
2026-04-19T23:28:28.228+09:00  INFO 5124 --- [fc2-live-automation] [main] o.s.o.j.p.SpringPersistenceUnitInfo      : No LoadTimeWeaver setup: ignoring JPA class transformer
2026-04-19T23:28:28.269+09:00  INFO 5124 --- [fc2-live-automation] [main] com.zaxxer.hikari.HikariDataSource       : HikariPool-1 - Starting...
2026-04-19T23:28:28.514+09:00  INFO 5124 --- [fc2-live-automation] [main] com.zaxxer.hikari.pool.HikariPool        : HikariPool-1 - Added connection conn0: url=jdbc:h2:file:./data/fc2_automation_v2 user=SA
2026-04-19T23:28:28.517+09:00  INFO 5124 --- [fc2-live-automation] [main] com.zaxxer.hikari.HikariDataSource       : HikariPool-1 - Start completed.
2026-04-19T23:28:28.549+09:00  WARN 5124 --- [fc2-live-automation] [main] org.hibernate.orm.deprecation            : HHH90000025: H2Dialect does not need to be specified explicitly using 'hibernate.dialect' (remove the property setting and it will be selected by default)
2026-04-19T23:28:28.572+09:00  INFO 5124 --- [fc2-live-automation] [main] org.hibernate.orm.connections.pooling    : HHH10001005: Database info:
	Database JDBC URL [Connecting through datasource 'HikariDataSource (HikariPool-1)']
	Database driver: undefined/unknown
	Database version: 2.3.232
	Autocommit mode: undefined/unknown
	Isolation level: undefined/unknown
	Minimum pool size: undefined/unknown
	Maximum pool size: undefined/unknown
2026-04-19T23:28:29.454+09:00  INFO 5124 --- [fc2-live-automation] [main] o.h.e.t.j.p.i.JtaPlatformInitiator       : HHH000489: No JTA platform available (set 'hibernate.transaction.jta.platform' to enable JTA platform integration)
2026-04-19T23:28:29.538+09:00  INFO 5124 --- [fc2-live-automation] [main] j.LocalContainerEntityManagerFactoryBean : Initialized JPA EntityManagerFactory for persistence unit 'default'
2026-04-19T23:28:30.513+09:00  INFO 5124 --- [fc2-live-automation] [main] c.e.f.service.AutomationScheduler        : 🧹 起動時クリーンアップ: データベース上の「配信中(RUNNING)」ステータスをリセットします
2026-04-19T23:28:30.807+09:00  INFO 5124 --- [fc2-live-automation] [main] c.e.f.service.AutomationScheduler        : ✅ クリーンアップ完了: プリセット 0 件、アカウント 0 件を停止状態に戻しました
2026-04-19T23:28:30.882+09:00  WARN 5124 --- [fc2-live-automation] [main] JpaBaseConfiguration$JpaWebConfiguration : spring.jpa.open-in-view is enabled by default. Therefore, database queries may be performed during view rendering. Explicitly configure spring.jpa.open-in-view to disable this warning
2026-04-19T23:28:30.928+09:00  INFO 5124 --- [fc2-live-automation] [main] o.s.b.a.w.s.WelcomePageHandlerMapping    : Adding welcome page template: index
2026-04-19T23:28:32.152+09:00  INFO 5124 --- [fc2-live-automation] [main] o.s.b.a.e.web.EndpointLinksResolver      : Exposing 1 endpoint beneath base path '/actuator'
2026-04-19T23:28:32.292+09:00  INFO 5124 --- [fc2-live-automation] [main] o.s.b.w.embedded.tomcat.TomcatWebServer  : Tomcat started on port 8082 (http) with context path '/'
2026-04-19T23:28:32.322+09:00  INFO 5124 --- [fc2-live-automation] [main] c.e.f.Fc2LiveAutomationApplication       : Started Fc2LiveAutomationApplication in 7.762 seconds (process running for 8.467)
2026-04-19T23:28:32.869+09:00  INFO 5124 --- [fc2-live-automation] [http-nio-8082-exec-1] o.a.c.c.C.[Tomcat].[localhost].[/]       : Initializing Spring DispatcherServlet 'dispatcherServlet'
2026-04-19T23:28:32.870+09:00  INFO 5124 --- [fc2-live-automation] [http-nio-8082-exec-1] o.s.web.servlet.DispatcherServlet        : Initializing Servlet 'dispatcherServlet'
2026-04-19T23:28:32.875+09:00  INFO 5124 --- [fc2-live-automation] [http-nio-8082-exec-1] o.s.web.servlet.DispatcherServlet        : Completed initialization in 2 ms
2026-04-19T23:29:33.535+09:00  INFO 5124 --- [fc2-live-automation] [http-nio-8082-exec-10] c.e.f.service.Fc2AutomationWorker        : [Preset テストリスト] ▶️ プリセットの連続再生を開始します
2026-04-19T23:29:33.545+09:00  INFO 5124 --- [fc2-live-automation] [Thread-2] c.e.f.service.Fc2AutomationWorker        : [Preset テストリスト] 🎬 [テスト] の配信準備を開始します
2026-04-19T23:29:43.873+09:00  INFO 5124 --- [fc2-live-automation] [Thread-2] c.e.f.service.Fc2AutomationWorker        : [Preset テストリスト] ✅ [テスト] ログイン完了、設定画面へ移行
2026-04-19T23:29:45.879+09:00  INFO 5124 --- [fc2-live-automation] [Thread-2] c.e.f.service.Fc2AutomationWorker        : [Preset テストリスト] ⚠️ キャンペーンページを検知。オプトアウト処理を行います。
2026-04-19T23:29:50.458+09:00  INFO 5124 --- [fc2-live-automation] [Thread-2] c.e.f.service.Fc2AutomationWorker        : [Preset テストリスト] 🏁 [テスト] 配信枠を終了しました
2026-04-19T23:29:50.462+09:00  INFO 5124 --- [fc2-live-automation] [Thread-2] c.e.f.service.Fc2AutomationWorker        : [Preset テストリスト] ⏹ [テスト] の処理を安全に中断しました
2026-04-19T23:29:50.481+09:00  INFO 5124 --- [fc2-live-automation] [Thread-2] c.e.f.service.Fc2AutomationWorker        : [Preset テストリスト] ⏹ プリセットの再生がすべて終了・停止しました
2026-04-19T23:30:13.030+09:00  INFO 5124 --- [fc2-live-automation] [http-nio-8082-exec-8] c.e.f.service.Fc2AutomationWorker        : [Preset テストリスト] ▶️ プリセットの連続再生を開始します
2026-04-19T23:30:13.034+09:00  INFO 5124 --- [fc2-live-automation] [Thread-5] c.e.f.service.Fc2AutomationWorker        : [Preset テストリスト] 🎬 [テスト] の配信準備を開始します
2026-04-19T23:30:21.409+09:00  INFO 5124 --- [fc2-live-automation] [Thread-5] c.e.f.service.Fc2AutomationWorker        : [Preset テストリスト] ✅ [テスト] ログイン完了、設定画面へ移行
2026-04-19T23:30:23.412+09:00  INFO 5124 --- [fc2-live-automation] [Thread-5] c.e.f.service.Fc2AutomationWorker        : [Preset テストリスト] ⚠️ キャンペーンページを検知。オプトアウト処理を行います。
2026-04-19T23:30:39.301+09:00  INFO 5124 --- [fc2-live-automation] [Thread-5] c.e.f.service.Fc2AutomationWorker        : [Preset テストリスト] 🎥 [テスト] FFmpegによる映像送信を開始しました
2026-04-19T23:31:39.445+09:00  INFO 5124 --- [fc2-live-automation] [Thread-5] c.e.f.service.Fc2AutomationWorker        : [Preset テストリスト] ⏳ 映像の反映を待機します（最大 30秒 / 試行 1回目）...
2026-04-19T23:31:42.844+09:00  INFO 5124 --- [fc2-live-automation] [Thread-5] c.e.f.service.Fc2AutomationWorker        : [Preset テストリスト] 🏁 [テスト] 配信枠を終了しました
2026-04-19T23:31:42.856+09:00  INFO 5124 --- [fc2-live-automation] [Thread-5] c.e.f.service.Fc2AutomationWorker        : [Preset テストリスト] 🎬 [out] の配信準備を開始します
2026-04-19T23:31:51.688+09:00  INFO 5124 --- [fc2-live-automation] [Thread-5] c.e.f.service.Fc2AutomationWorker        : [Preset テストリスト] ✅ [out] ログイン完了、設定画面へ移行
2026-04-19T23:31:53.693+09:00  INFO 5124 --- [fc2-live-automation] [Thread-5] c.e.f.service.Fc2AutomationWorker        : [Preset テストリスト] ⚠️ キャンペーンページを検知。オプトアウト処理を行います。
2026-04-19T23:31:59.894+09:00  INFO 5124 --- [fc2-live-automation] [Thread-5] c.e.f.service.Fc2AutomationWorker        : [Preset テストリスト] 🏁 [out] 配信枠を終了しました
2026-04-19T23:31:59.898+09:00  INFO 5124 --- [fc2-live-automation] [Thread-5] c.e.f.service.Fc2AutomationWorker        : [Preset テストリスト] ❌ [out] 試行失敗: 配信画面の読み込みに失敗しました
2026-04-19T23:31:59.904+09:00  INFO 5124 --- [fc2-live-automation] [Thread-5] c.e.f.service.Fc2AutomationWorker        : [Preset テストリスト] ⏹ [out] の処理を安全に中断しました
2026-04-19T23:31:59.936+09:00  INFO 5124 --- [fc2-live-automation] [Thread-5] c.e.f.service.Fc2AutomationWorker        : [Preset テストリスト] ⏹ プリセットの再生がすべて終了・停止しました
2026-04-19T23:32:09.568+09:00  INFO 5124 --- [fc2-live-automation] [http-nio-8082-exec-9] c.e.f.service.Fc2AutomationWorker        : [Preset テストリスト] ▶️ プリセットの連続再生を開始します
2026-04-19T23:32:09.575+09:00  INFO 5124 --- [fc2-live-automation] [Thread-10] c.e.f.service.Fc2AutomationWorker        : [Preset テストリスト] 🎬 [テスト] の配信準備を開始します
2026-04-19T23:32:17.946+09:00  INFO 5124 --- [fc2-live-automation] [Thread-10] c.e.f.service.Fc2AutomationWorker        : [Preset テストリスト] ✅ [テスト] ログイン完了、設定画面へ移行
2026-04-19T23:32:19.955+09:00  INFO 5124 --- [fc2-live-automation] [Thread-10] c.e.f.service.Fc2AutomationWorker        : [Preset テストリスト] ⚠️ キャンペーンページを検知。オプトアウト処理を行います。
2026-04-19T23:32:25.091+09:00  INFO 5124 --- [fc2-live-automation] [Thread-10] c.e.f.service.Fc2AutomationWorker        : [Preset テストリスト] 🏁 [テスト] 配信枠を終了しました
2026-04-19T23:32:25.117+09:00  INFO 5124 --- [fc2-live-automation] [Thread-10] c.e.f.service.Fc2AutomationWorker        : [Preset テストリスト] ⏹ [テスト] の処理を安全に中断しました
2026-04-19T23:32:25.129+09:00  INFO 5124 --- [fc2-live-automation] [Thread-10] c.e.f.service.Fc2AutomationWorker        : [Preset テストリスト] ⏹ プリセットの再生がすべて終了・停止しました
2026-04-19T23:33:34.824+09:00  INFO 11816 --- [fc2-live-automation] [main] c.e.f.Fc2LiveAutomationApplication       : Starting Fc2LiveAutomationApplication using Java 25.0.2 with PID 11816 (C:\Users\aikus\OneDrive\デスクトップ\作業\fc2-live-automation\target\classes started by aikus in C:\Users\aikus\OneDrive\デスクトップ\作業\fc2-live-automation)
2026-04-19T23:33:34.828+09:00  INFO 11816 --- [fc2-live-automation] [main] c.e.f.Fc2LiveAutomationApplication       : No active profile set, falling back to 1 default profile: "default"
2026-04-19T23:33:36.162+09:00  INFO 11816 --- [fc2-live-automation] [main] .s.d.r.c.RepositoryConfigurationDelegate : Bootstrapping Spring Data JPA repositories in DEFAULT mode.
2026-04-19T23:33:36.253+09:00  INFO 11816 --- [fc2-live-automation] [main] .s.d.r.c.RepositoryConfigurationDelegate : Finished Spring Data repository scanning in 75 ms. Found 2 JPA repository interfaces.
2026-04-19T23:33:36.971+09:00  INFO 11816 --- [fc2-live-automation] [main] o.s.b.w.embedded.tomcat.TomcatWebServer  : Tomcat initialized with port 8082 (http)
2026-04-19T23:33:36.992+09:00  INFO 11816 --- [fc2-live-automation] [main] o.apache.catalina.core.StandardService   : Starting service [Tomcat]
2026-04-19T23:33:36.993+09:00  INFO 11816 --- [fc2-live-automation] [main] o.apache.catalina.core.StandardEngine    : Starting Servlet engine: [Apache Tomcat/10.1.52]
2026-04-19T23:33:37.132+09:00  INFO 11816 --- [fc2-live-automation] [main] o.a.c.c.C.[Tomcat].[localhost].[/]       : Initializing Spring embedded WebApplicationContext
2026-04-19T23:33:37.133+09:00  INFO 11816 --- [fc2-live-automation] [main] w.s.c.ServletWebServerApplicationContext : Root WebApplicationContext: initialization completed in 2230 ms
2026-04-19T23:33:37.582+09:00  INFO 11816 --- [fc2-live-automation] [main] o.hibernate.jpa.internal.util.LogHelper  : HHH000204: Processing PersistenceUnitInfo [name: default]
2026-04-19T23:33:37.653+09:00  INFO 11816 --- [fc2-live-automation] [main] org.hibernate.Version                    : HHH000412: Hibernate ORM core version 6.6.44.Final
2026-04-19T23:33:37.708+09:00  INFO 11816 --- [fc2-live-automation] [main] o.h.c.internal.RegionFactoryInitiator    : HHH000026: Second-level cache disabled
2026-04-19T23:33:38.095+09:00  INFO 11816 --- [fc2-live-automation] [main] o.s.o.j.p.SpringPersistenceUnitInfo      : No LoadTimeWeaver setup: ignoring JPA class transformer
2026-04-19T23:33:38.139+09:00  INFO 11816 --- [fc2-live-automation] [main] com.zaxxer.hikari.HikariDataSource       : HikariPool-1 - Starting...
2026-04-19T23:33:38.411+09:00  INFO 11816 --- [fc2-live-automation] [main] com.zaxxer.hikari.pool.HikariPool        : HikariPool-1 - Added connection conn0: url=jdbc:h2:file:./data/fc2_automation_v2 user=SA
2026-04-19T23:33:38.415+09:00  INFO 11816 --- [fc2-live-automation] [main] com.zaxxer.hikari.HikariDataSource       : HikariPool-1 - Start completed.
2026-04-19T23:33:38.446+09:00  WARN 11816 --- [fc2-live-automation] [main] org.hibernate.orm.deprecation            : HHH90000025: H2Dialect does not need to be specified explicitly using 'hibernate.dialect' (remove the property setting and it will be selected by default)
2026-04-19T23:33:38.471+09:00  INFO 11816 --- [fc2-live-automation] [main] org.hibernate.orm.connections.pooling    : HHH10001005: Database info:
	Database JDBC URL [Connecting through datasource 'HikariDataSource (HikariPool-1)']
	Database driver: undefined/unknown
	Database version: 2.3.232
	Autocommit mode: undefined/unknown
	Isolation level: undefined/unknown
	Minimum pool size: undefined/unknown
	Maximum pool size: undefined/unknown
2026-04-19T23:33:39.473+09:00  INFO 11816 --- [fc2-live-automation] [main] o.h.e.t.j.p.i.JtaPlatformInitiator       : HHH000489: No JTA platform available (set 'hibernate.transaction.jta.platform' to enable JTA platform integration)
2026-04-19T23:33:39.555+09:00  INFO 11816 --- [fc2-live-automation] [main] j.LocalContainerEntityManagerFactoryBean : Initialized JPA EntityManagerFactory for persistence unit 'default'
2026-04-19T23:33:40.395+09:00  INFO 11816 --- [fc2-live-automation] [main] c.e.f.service.AutomationScheduler        : 🧹 起動時クリーンアップ: データベース上の「配信中(RUNNING)」ステータスをリセットします
2026-04-19T23:33:40.699+09:00  INFO 11816 --- [fc2-live-automation] [main] c.e.f.service.AutomationScheduler        : ✅ クリーンアップ完了: プリセット 0 件、アカウント 0 件を停止状態に戻しました
2026-04-19T23:33:40.761+09:00  WARN 11816 --- [fc2-live-automation] [main] JpaBaseConfiguration$JpaWebConfiguration : spring.jpa.open-in-view is enabled by default. Therefore, database queries may be performed during view rendering. Explicitly configure spring.jpa.open-in-view to disable this warning
2026-04-19T23:33:40.845+09:00  INFO 11816 --- [fc2-live-automation] [main] o.s.b.a.w.s.WelcomePageHandlerMapping    : Adding welcome page template: index
2026-04-19T23:33:41.794+09:00  INFO 11816 --- [fc2-live-automation] [main] o.s.b.a.e.web.EndpointLinksResolver      : Exposing 1 endpoint beneath base path '/actuator'
2026-04-19T23:33:42.001+09:00  INFO 11816 --- [fc2-live-automation] [main] o.s.b.w.embedded.tomcat.TomcatWebServer  : Tomcat started on port 8082 (http) with context path '/'
2026-04-19T23:33:42.028+09:00  INFO 11816 --- [fc2-live-automation] [main] c.e.f.Fc2LiveAutomationApplication       : Started Fc2LiveAutomationApplication in 7.942 seconds (process running for 9.012)
2026-04-19T23:33:42.579+09:00  INFO 11816 --- [fc2-live-automation] [http-nio-8082-exec-1] o.a.c.c.C.[Tomcat].[localhost].[/]       : Initializing Spring DispatcherServlet 'dispatcherServlet'
2026-04-19T23:33:42.579+09:00  INFO 11816 --- [fc2-live-automation] [http-nio-8082-exec-1] o.s.web.servlet.DispatcherServlet        : Initializing Servlet 'dispatcherServlet'
2026-04-19T23:33:42.584+09:00  INFO 11816 --- [fc2-live-automation] [http-nio-8082-exec-1] o.s.web.servlet.DispatcherServlet        : Completed initialization in 4 ms
2026-04-19T23:34:43.769+09:00  INFO 11816 --- [fc2-live-automation] [http-nio-8082-exec-8] c.e.f.service.Fc2AutomationWorker        : [Preset テストリスト] ▶️ プリセットの連続再生を開始します
2026-04-19T23:34:43.828+09:00  INFO 11816 --- [fc2-live-automation] [Thread-2] c.e.f.service.Fc2AutomationWorker        : [Preset テストリスト] 🎬 [テスト] の配信準備を開始します
2026-04-19T23:34:54.266+09:00  INFO 11816 --- [fc2-live-automation] [Thread-2] c.e.f.service.Fc2AutomationWorker        : [Preset テストリスト] ✅ [テスト] ログイン完了、設定画面へ移行
2026-04-19T23:34:56.274+09:00  INFO 11816 --- [fc2-live-automation] [Thread-2] c.e.f.service.Fc2AutomationWorker        : [Preset テストリスト] ⚠️ キャンペーンページを検知。オプトアウト処理を行います。
2026-04-19T23:35:12.176+09:00  INFO 11816 --- [fc2-live-automation] [Thread-2] c.e.f.service.Fc2AutomationWorker        : [Preset テストリスト] 🎥 [テスト] FFmpegによる映像送信を開始しました
2026-04-19T23:35:15.179+09:00  INFO 11816 --- [fc2-live-automation] [Thread-2] c.e.f.service.Fc2AutomationWorker        : [Preset テストリスト] ⏳ 映像の反映を待機します（最大 30秒 / 試行 1回目）...
2026-04-19T23:46:55.480+09:00  INFO 29076 --- [fc2-live-automation] [main] c.e.f.Fc2LiveAutomationApplication       : Starting Fc2LiveAutomationApplication using Java 25.0.2 with PID 29076 (C:\Users\aikus\OneDrive\デスクトップ\作業\fc2-live-automation\target\classes started by aikus in C:\Users\aikus\OneDrive\デスクトップ\作業\fc2-live-automation)
2026-04-19T23:46:55.542+09:00  INFO 29076 --- [fc2-live-automation] [main] c.e.f.Fc2LiveAutomationApplication       : No active profile set, falling back to 1 default profile: "default"
2026-04-19T23:46:59.126+09:00  INFO 29076 --- [fc2-live-automation] [main] .s.d.r.c.RepositoryConfigurationDelegate : Bootstrapping Spring Data JPA repositories in DEFAULT mode.
2026-04-19T23:46:59.256+09:00  INFO 29076 --- [fc2-live-automation] [main] .s.d.r.c.RepositoryConfigurationDelegate : Finished Spring Data repository scanning in 90 ms. Found 2 JPA repository interfaces.
2026-04-19T23:47:01.028+09:00  INFO 29076 --- [fc2-live-automation] [main] o.s.b.w.embedded.tomcat.TomcatWebServer  : Tomcat initialized with port 8082 (http)
2026-04-19T23:47:01.071+09:00  INFO 29076 --- [fc2-live-automation] [main] o.apache.catalina.core.StandardService   : Starting service [Tomcat]
2026-04-19T23:47:01.072+09:00  INFO 29076 --- [fc2-live-automation] [main] o.apache.catalina.core.StandardEngine    : Starting Servlet engine: [Apache Tomcat/10.1.52]
2026-04-19T23:47:01.199+09:00  INFO 29076 --- [fc2-live-automation] [main] o.a.c.c.C.[Tomcat].[localhost].[/]       : Initializing Spring embedded WebApplicationContext
2026-04-19T23:47:01.199+09:00  INFO 29076 --- [fc2-live-automation] [main] w.s.c.ServletWebServerApplicationContext : Root WebApplicationContext: initialization completed in 5455 ms
2026-04-19T23:47:02.325+09:00  INFO 29076 --- [fc2-live-automation] [main] o.hibernate.jpa.internal.util.LogHelper  : HHH000204: Processing PersistenceUnitInfo [name: default]
2026-04-19T23:47:02.582+09:00  INFO 29076 --- [fc2-live-automation] [main] org.hibernate.Version                    : HHH000412: Hibernate ORM core version 6.6.44.Final
2026-04-19T23:47:02.664+09:00  INFO 29076 --- [fc2-live-automation] [main] o.h.c.internal.RegionFactoryInitiator    : HHH000026: Second-level cache disabled
2026-04-19T23:47:03.370+09:00  INFO 29076 --- [fc2-live-automation] [main] o.s.o.j.p.SpringPersistenceUnitInfo      : No LoadTimeWeaver setup: ignoring JPA class transformer
2026-04-19T23:47:03.418+09:00  INFO 29076 --- [fc2-live-automation] [main] com.zaxxer.hikari.HikariDataSource       : HikariPool-1 - Starting...
2026-04-19T23:47:03.871+09:00  INFO 29076 --- [fc2-live-automation] [main] com.zaxxer.hikari.pool.HikariPool        : HikariPool-1 - Added connection conn0: url=jdbc:h2:file:./data/fc2_automation_v2 user=SA
2026-04-19T23:47:03.875+09:00  INFO 29076 --- [fc2-live-automation] [main] com.zaxxer.hikari.HikariDataSource       : HikariPool-1 - Start completed.
2026-04-19T23:47:03.939+09:00  WARN 29076 --- [fc2-live-automation] [main] org.hibernate.orm.deprecation            : HHH90000025: H2Dialect does not need to be specified explicitly using 'hibernate.dialect' (remove the property setting and it will be selected by default)
2026-04-19T23:47:03.974+09:00  INFO 29076 --- [fc2-live-automation] [main] org.hibernate.orm.connections.pooling    : HHH10001005: Database info:
	Database JDBC URL [Connecting through datasource 'HikariDataSource (HikariPool-1)']
	Database driver: undefined/unknown
	Database version: 2.3.232
	Autocommit mode: undefined/unknown
	Isolation level: undefined/unknown
	Minimum pool size: undefined/unknown
	Maximum pool size: undefined/unknown
2026-04-19T23:47:05.543+09:00  INFO 29076 --- [fc2-live-automation] [main] o.h.e.t.j.p.i.JtaPlatformInitiator       : HHH000489: No JTA platform available (set 'hibernate.transaction.jta.platform' to enable JTA platform integration)
2026-04-19T23:47:05.610+09:00  INFO 29076 --- [fc2-live-automation] [main] j.LocalContainerEntityManagerFactoryBean : Initialized JPA EntityManagerFactory for persistence unit 'default'
2026-04-19T23:47:06.939+09:00  INFO 29076 --- [fc2-live-automation] [main] c.e.f.service.AutomationScheduler        : 🧹 起動時クリーンアップ: データベース上の「配信中(RUNNING)」ステータスをリセットします
2026-04-19T23:47:07.150+09:00  INFO 29076 --- [fc2-live-automation] [main] c.e.f.service.AutomationScheduler        : ✅ クリーンアップ完了: プリセット 1 件、アカウント 1 件を停止状態に戻しました
2026-04-19T23:47:07.209+09:00  WARN 29076 --- [fc2-live-automation] [main] JpaBaseConfiguration$JpaWebConfiguration : spring.jpa.open-in-view is enabled by default. Therefore, database queries may be performed during view rendering. Explicitly configure spring.jpa.open-in-view to disable this warning
2026-04-19T23:47:07.249+09:00  INFO 29076 --- [fc2-live-automation] [main] o.s.b.a.w.s.WelcomePageHandlerMapping    : Adding welcome page template: index
2026-04-19T23:47:08.124+09:00  INFO 29076 --- [fc2-live-automation] [main] o.s.b.a.e.web.EndpointLinksResolver      : Exposing 1 endpoint beneath base path '/actuator'
2026-04-19T23:47:08.216+09:00  INFO 29076 --- [fc2-live-automation] [main] o.s.b.w.embedded.tomcat.TomcatWebServer  : Tomcat started on port 8082 (http) with context path '/'
2026-04-19T23:47:08.234+09:00  INFO 29076 --- [fc2-live-automation] [main] c.e.f.Fc2LiveAutomationApplication       : Started Fc2LiveAutomationApplication in 14.841 seconds (process running for 16.889)
2026-04-19T23:47:08.664+09:00  INFO 29076 --- [fc2-live-automation] [http-nio-8082-exec-1] o.a.c.c.C.[Tomcat].[localhost].[/]       : Initializing Spring DispatcherServlet 'dispatcherServlet'
2026-04-19T23:47:08.665+09:00  INFO 29076 --- [fc2-live-automation] [http-nio-8082-exec-1] o.s.web.servlet.DispatcherServlet        : Initializing Servlet 'dispatcherServlet'
2026-04-19T23:47:08.667+09:00  INFO 29076 --- [fc2-live-automation] [http-nio-8082-exec-1] o.s.web.servlet.DispatcherServlet        : Completed initialization in 1 ms
2026-04-19T23:47:19.554+09:00  INFO 29076 --- [fc2-live-automation] [http-nio-8082-exec-3] c.e.f.service.Fc2AutomationWorker        : [Preset テストリスト] ▶️ プリセットの連続再生を開始します
2026-04-19T23:47:19.563+09:00  INFO 29076 --- [fc2-live-automation] [Thread-2] c.e.f.service.Fc2AutomationWorker        : [Preset テストリスト] 🎬 [テスト] の配信準備を開始します
2026-04-19T23:47:30.145+09:00  INFO 29076 --- [fc2-live-automation] [Thread-2] c.e.f.service.Fc2AutomationWorker        : [Preset テストリスト] ✅ [テスト] ログイン完了、設定画面へ移行
2026-04-19T23:47:32.161+09:00  INFO 29076 --- [fc2-live-automation] [Thread-2] c.e.f.service.Fc2AutomationWorker        : [Preset テストリスト] ⚠️ キャンペーンページを検知。オプトアウト処理を行います。
2026-04-19T23:47:48.794+09:00  INFO 29076 --- [fc2-live-automation] [Thread-2] c.e.f.service.Fc2AutomationWorker        : [Preset テストリスト] 🎥 [テスト] FFmpegによる映像送信を開始しました
2026-04-19T23:47:51.803+09:00  INFO 29076 --- [fc2-live-automation] [Thread-2] c.e.f.service.Fc2AutomationWorker        : [Preset テストリスト] ⏳ 映像の反映を待機します（最大 30秒 / 試行 1回目）...
2026-04-19T23:47:54.842+09:00  INFO 29076 --- [fc2-live-automation] [Thread-2] c.e.f.service.Fc2AutomationWorker        : [Preset テストリスト] ⏳ 有料切替タイマーセット: 60秒 (ラグ相殺のため 55秒後に自動実行)
2026-04-19T23:48:49.909+09:00  INFO 29076 --- [fc2-live-automation] [Thread-2] c.e.f.service.Fc2AutomationWorker        : [Preset テストリスト] 💰 [テスト] 時間が来ました。有料切替操作を開始します...
2026-04-19T23:48:53.103+09:00  INFO 29076 --- [fc2-live-automation] [Thread-2] c.e.f.service.Fc2AutomationWorker        : [Preset テストリスト] ✅ [テスト] 有料放送へ切り替え操作が完了しました
2026-04-19T23:49:40.922+09:00  INFO 29076 --- [fc2-live-automation] [Thread-2] c.e.f.service.Fc2AutomationWorker        : [Preset テストリスト] 🏁 [テスト] 配信枠を終了しました
2026-04-19T23:49:40.924+09:00  INFO 29076 --- [fc2-live-automation] [Thread-2] c.e.f.service.Fc2AutomationWorker        : [Preset テストリスト] ⏹ [テスト] の処理を安全に中断しました
2026-04-19T23:49:40.930+09:00  INFO 29076 --- [fc2-live-automation] [Thread-2] c.e.f.service.Fc2AutomationWorker        : [Preset テストリスト] ⏹ プリセットの再生がすべて終了・停止しました
2026-04-19T23:50:02.257+09:00  INFO 29076 --- [fc2-live-automation] [SpringApplicationShutdownHook] o.s.b.w.e.tomcat.GracefulShutdown        : Commencing graceful shutdown. Waiting for active requests to complete
2026-04-19T23:50:02.268+09:00  INFO 29076 --- [fc2-live-automation] [tomcat-shutdown] o.s.b.w.e.tomcat.GracefulShutdown        : Graceful shutdown complete
2026-04-19T23:50:02.277+09:00  INFO 29076 --- [fc2-live-automation] [SpringApplicationShutdownHook] j.LocalContainerEntityManagerFactoryBean : Closing JPA EntityManagerFactory for persistence unit 'default'
2026-04-19T23:50:02.280+09:00  INFO 29076 --- [fc2-live-automation] [SpringApplicationShutdownHook] com.zaxxer.hikari.HikariDataSource       : HikariPool-1 - Shutdown initiated...
2026-04-19T23:50:02.281+09:00  INFO 29076 --- [fc2-live-automation] [SpringApplicationShutdownHook] com.zaxxer.hikari.HikariDataSource       : HikariPool-1 - Shutdown completed.
